#
# A fatal error has been detected by the Java Runtime Environment:
#
#  SIGILL (0x4) at pc=0x00007fff2e87aabc, pid=93980, tid=77575
#
# JRE version: OpenJDK Runtime Environment (14.0.1+14) (build 14.0.1+14)
# Java VM: OpenJDK 64-Bit Server VM (14.0.1+14, mixed mode, sharing, tiered, compressed oops, g1 gc, bsd-amd64)
# Problematic frame:
# C  [AppKit+0x3e5abc]  -[NSOpenGLContext setView:]+0xe5
#
# No core dump will be written. Core dumps have been disabled. To enable core dumping, try "ulimit -c unlimited" before starting Java again
#
# If you would like to submit a bug report, please visit:
#   https://bugreport.java.com/bugreport/crash.jsp
# The crash happened outside the Java Virtual Machine in native code.
# See problematic frame for where to report the bug.
#

---------------  S U M M A R Y ------------

Command Line: tetris.A

Host: MacBookPro14,1 x86_64 2300 MHz, 4 cores, 8G, Darwin 19.6.0
Time: Tue Oct 27 14:55:06 2020 JST elapsed time: 14 seconds (0d 0h 0m 14s)

---------------  T H R E A D  ---------------

Current thread (0x00007fa97d085800):  JavaThread "Java2D Queue Flusher" daemon [_thread_in_native, id=77575, stack(0x000070000431e000,0x000070000441e000)]

Stack: [0x000070000431e000,0x000070000441e000],  sp=0x000070000441d7e0,  free space=1021k
Native frames: (J=compiled Java code, A=aot compiled Java code, j=interpreted, Vv=VM code, C=native code)
C  [AppKit+0x3e5abc]  -[NSOpenGLContext setView:]+0xe5
C  [libawt_lwawt.dylib+0x2120f]  CGLSD_MakeCurrentToScratch+0x45
C  [libawt_lwawt.dylib+0x21318]  OGLSD_MakeOGLContextCurrent+0x58
C  [libawt_lwawt.dylib+0x40481]  OGLContext_SetSurfaces+0x85
C  [libawt_lwawt.dylib+0x43f1d]  Java_sun_java2d_opengl_OGLRenderQueue_flushBuffer+0x62d
j  sun.java2d.opengl.OGLRenderQueue.flushBuffer(JI)V+0 java.desktop@14.0.1
j  sun.java2d.opengl.OGLRenderQueue.flushBuffer()V+21 java.desktop@14.0.1
j  sun.java2d.opengl.OGLRenderQueue$QueueFlusher.run()V+81 java.desktop@14.0.1
j  java.lang.Thread.run()V+11 java.base@14.0.1
v  ~StubRoutines::call_stub
V  [libjvm.dylib+0x35a5e7]  JavaCalls::call_helper(JavaValue*, methodHandle const&, JavaCallArguments*, Thread*)+0x255
V  [libjvm.dylib+0x3599f0]  JavaCalls::call_virtual(JavaValue*, Klass*, Symbol*, Symbol*, JavaCallArguments*, Thread*)+0xfe
V  [libjvm.dylib+0x359aaa]  JavaCalls::call_virtual(JavaValue*, Handle, Klass*, Symbol*, Symbol*, Thread*)+0x62
V  [libjvm.dylib+0x3e9f23]  thread_entry(JavaThread*, Thread*)+0x78
V  [libjvm.dylib+0x770436]  JavaThread::thread_main_inner()+0x86
V  [libjvm.dylib+0x77027a]  JavaThread::run()+0x11c
V  [libjvm.dylib+0x76e0d7]  Thread::call_run()+0x71
V  [libjvm.dylib+0x605d1d]  thread_native_entry(Thread*)+0x126
C  [libsystem_pthread.dylib+0x6109]  _pthread_start+0x94
C  [libsystem_pthread.dylib+0x1b8b]  thread_start+0xf

Java frames: (J=compiled Java code, j=interpreted, Vv=VM code)
j  sun.java2d.opengl.OGLRenderQueue.flushBuffer(JI)V+0 java.desktop@14.0.1
j  sun.java2d.opengl.OGLRenderQueue.flushBuffer()V+21 java.desktop@14.0.1
j  sun.java2d.opengl.OGLRenderQueue$QueueFlusher.run()V+81 java.desktop@14.0.1
j  java.lang.Thread.run()V+11 java.base@14.0.1
v  ~StubRoutines::call_stub

siginfo: si_signo: 4 (SIGILL), si_code: 1 (ILL_ILLOPC), si_addr: 0x00007fff2e87aabc

Register to memory mapping:

RAX=0x0 is NULL
RBX=0x00007fa97e354e10 points into unknown readable memory: 10 9e 69 7b a9 7f 00 00
RCX=0x0 is NULL
RDX=0x0 is NULL
RSP=0x000070000441d7e0 is pointing into the stack for thread: 0x00007fa97d085800
RBP=0x000070000441d830 is pointing into the stack for thread: 0x00007fa97d085800
RSI=0x000000001f08000c is an unknown value
RDI=0x0 is NULL
R8 =0x0 is NULL
R9 =0x0 is NULL
R10=0x0 is NULL
R11=0x0 is NULL
R12=0x00007fa97d0c4038 points into unknown readable memory: 00 00 00 00 00 00 00 00
R13=0x00007fa97f80a500 points into unknown readable memory: e0 c5 fa 15 01 00 00 00
R14=0x00007fa97b69b340 points into unknown readable memory: 87 ba 58 88 ff ff 3d 00
R15=0x00007fa97b699e10 points into unknown readable memory: 85 88 58 88 ff ff 3d 01


Registers:
RAX=0x0000000000000000, RBX=0x00007fa97e354e10, RCX=0x0000000000000000, RDX=0x0000000000000000
RSP=0x000070000441d7e0, RBP=0x000070000441d830, RSI=0x000000001f08000c, RDI=0x0000000000000000
R8 =0x0000000000000000, R9 =0x0000000000000000, R10=0x0000000000000000, R11=0x0000000000000000
R12=0x00007fa97d0c4038, R13=0x00007fa97f80a500, R14=0x00007fa97b69b340, R15=0x00007fa97b699e10
RIP=0x00007fff2e87aabc, EFLAGS=0x0000000000010202, ERR=0x0000000000000000
  TRAPNO=0x0000000000000006

Top of Stack: (sp=0x000070000441d7e0)
0x000070000441d7e0:   000070000441d7f0 00007fff6a12066a
0x000070000441d7f0:   000070000441d830 00007fff2e87a2ac
0x000070000441d800:   00007fa97b507228 00007fa97b507268
0x000070000441d810:   000070000441d830 00007fa97e354e10
0x000070000441d820:   00007fa97d085b10 00007fa97d085b10
0x000070000441d830:   000070000441d860 0000000115f8720f
0x000070000441d840:   00007fa97b55d450 00007fa97e354ef0
0x000070000441d850:   00007fa97e354e10 00007fa97d085b10
0x000070000441d860:   000070000441d8a0 0000000115f87318
0x000070000441d870:   0000000000000005 00007fa97d085b10
0x000070000441d880:   00007fa97f80a500 000000011583f9e8
0x000070000441d890:   00007fa97b943618 00007fa97f80a500
0x000070000441d8a0:   000070000441d8e0 0000000115fa6481
0x000070000441d8b0:   0000000115fa9eee 00007fa97b943608
0x000070000441d8c0:   00007fa97f80a500 000000011583f9e8
0x000070000441d8d0:   00007fa97b943618 00007fa97f80a500
0x000070000441d8e0:   000070000441d940 0000000115fa9f1d
0x000070000441d8f0:   0000000000000019 00007fa97b507200
0x000070000441d900:   0000000000000001 00007fa97b9436e0
0x000070000441d910:   00007fa97d085b10 000000011583f9e8
0x000070000441d920:   0000000000000000 000000011583f9e8
0x000070000441d930:   000070000441d9f8 00007fa97d085800
0x000070000441d940:   000070000441d9c0 000000011fb4e6b0
0x000070000441d950:   000070000441d980 0000000110135e19
0x000070000441d960:   000000078000b370 00007fa97d085800
0x000070000441d970:   000000078000b370 000070000441d978
0x000070000441d980:   0000000000000000 000070000441d9f8
0x000070000441d990:   0000000115840c18 0000000000000000
0x000070000441d9a0:   00000007801614e8 000000011583f9e8
0x000070000441d9b0:   0000000000000000 000070000441d9e0
0x000070000441d9c0:   000070000441da48 000000011fb48ef3
0x000070000441d9d0:   0000000000000000 000000011fb4b758 

Instructions: (pc=0x00007fff2e87aabc)
0x00007fff2e87a9bc:   c3 90 90 90 90 90 90 90 90 55 48 89 e5 48 8b 35
0x00007fff2e87a9cc:   f0 01 cd 59 5d ff 25 71 bf 9b 59 55 48 89 e5 41
0x00007fff2e87a9dc:   57 41 56 53 48 83 ec 38 49 89 d6 49 89 ff 8a 05
0x00007fff2e87a9ec:   a8 1b d4 59 84 c0 0f 84 90 00 00 00 04 fe 84 c0
0x00007fff2e87a9fc:   75 0d e8 59 03 78 00 85 c0 0f 84 a5 00 00 00 48
0x00007fff2e87aa0c:   8b 35 6e f0 cb 59 4c 89 ff ff 15 2d bf 9b 59 49
0x00007fff2e87aa1c:   8d 7f 08 e8 7c 01 78 00 4c 39 f0 74 3e 48 8b 0d
0x00007fff2e87aa2c:   08 a6 9b 59 48 8d 7d b0 48 89 0f b9 00 00 00 c2
0x00007fff2e87aa3c:   48 89 4f 08 48 8d 0d 63 31 32 00 48 89 4f 10 48
0x00007fff2e87aa4c:   8d 0d 4e 40 9c 59 48 89 4f 18 48 89 47 20 4c 89
0x00007fff2e87aa5c:   7f 28 4c 89 77 30 e8 83 38 cb ff 31 db 48 8b 35
0x00007fff2e87aa6c:   18 f0 cb 59 4c 89 ff ff 15 cf be 9b 59 84 db 75
0x00007fff2e87aa7c:   2c 48 83 c4 38 5b 41 5e 41 5f 5d c3 48 8d 3d f9
0x00007fff2e87aa8c:   ac a1 59 48 8d 15 02 1b d4 59 48 8d 0d d8 39 32
0x00007fff2e87aa9c:   00 31 f6 e8 80 e9 c1 ff e9 51 ff ff ff e8 c2 00
0x00007fff2e87aaac:   78 00 0f 0b 48 8d 3d 13 70 7f 00 e8 14 fb 77 00
0x00007fff2e87aabc:   0f 0b 49 89 c6 eb 13 48 89 c7 e8 75 00 78 00 b3
0x00007fff2e87aacc:   01 eb 9a 49 89 c6 84 db 74 05 e8 89 00 78 00 4c
0x00007fff2e87aadc:   89 f7 e8 0f fa 77 00 0f 0b e8 58 01 78 00 55 48
0x00007fff2e87aaec:   89 e5 41 57 41 56 41 54 53 41 89 f6 48 89 fb 48
0x00007fff2e87aafc:   83 c7 08 e8 9c 00 78 00 49 89 c7 48 89 df e8 45
0x00007fff2e87ab0c:   00 00 00 49 89 c4 4c 89 ff 31 f6 e8 88 00 00 00
0x00007fff2e87ab1c:   49 89 c7 45 0f be f6 4d 85 e4 74 0b 48 89 df 44
0x00007fff2e87ab2c:   89 f6 e8 42 97 04 00 4d 85 ff 74 13 48 89 df 44
0x00007fff2e87ab3c:   89 f6 5b 41 5c 41 5e 41 5f 5d e9 e5 48 04 00 5b
0x00007fff2e87ab4c:   41 5c 41 5e 41 5f 5d c3 55 48 89 e5 41 56 53 48
0x00007fff2e87ab5c:   89 fb 4c 8d 35 93 67 d3 59 4c 89 f7 e8 01 02 78
0x00007fff2e87ab6c:   00 48 8b 3d 1c 1a d4 59 48 8b 35 8d c8 cb 59 48
0x00007fff2e87ab7c:   89 da ff 15 c4 bd 9b 59 48 89 c7 ff 15 cb bd 9b
0x00007fff2e87ab8c:   59 48 89 c3 4c 89 f7 e8 dc 01 78 00 48 89 df 5b
0x00007fff2e87ab9c:   41 5e 5d e9 84 ff 77 00 55 48 89 e5 41 57 41 56
0x00007fff2e87abac:   53 50 41 89 f7 49 89 fe 48 8d 3d fd 66 d3 59 e8 


Stack slot to memory mapping:
stack at sp + 0 slots: 0x000070000441d7f0 is pointing into the stack for thread: 0x00007fa97d085800
stack at sp + 1 slots: 0x00007fff6a12066a: class_respondsToSelector_inst+0x1a in /usr/lib/libobjc.A.dylib at 0x00007fff6a115000
stack at sp + 2 slots: 0x000070000441d830 is pointing into the stack for thread: 0x00007fa97d085800
stack at sp + 3 slots: 0x00007fff2e87a2ac: -[NSOpenGLContext makeCurrentContext]+0x125 in /System/Library/Frameworks/AppKit.framework/Versions/C/AppKit at 0x00007fff2e495000
stack at sp + 4 slots: 0x00007fa97b507228 points into unknown readable memory: 5a 54 55 4d 00 00 00 00
stack at sp + 5 slots: 0x00007fa97b507268 points into unknown readable memory: 44 4e 4f 43 00 00 00 00
stack at sp + 6 slots: 0x000070000441d830 is pointing into the stack for thread: 0x00007fa97d085800
stack at sp + 7 slots: 0x00007fa97e354e10 points into unknown readable memory: 10 9e 69 7b a9 7f 00 00


---------------  P R O C E S S  ---------------

Threads class SMR info:
_java_thread_list=0x00007fa97e330810, length=16, elements={
0x00007fa97b80c000, 0x00007fa97b839000, 0x00007fa97c866800, 0x00007fa97b83b000,
0x00007fa97c864800, 0x00007fa97c86a000, 0x00007fa97b847000, 0x00007fa97b84a000,
0x00007fa97d01f800, 0x00007fa97b85d000, 0x00007fa97ca09000, 0x00007fa97ca27800,
0x00007fa97d085800, 0x00007fa97ca72000, 0x00007fa97ca83000, 0x00007fa97c1ba000
}

Java Threads: ( => current thread )
  0x00007fa97b80c000 JavaThread "main" [_thread_blocked, id=5891, stack(0x0000700002e59000,0x0000700002f59000)]
  0x00007fa97b839000 JavaThread "Reference Handler" daemon [_thread_blocked, id=17667, stack(0x000070000356e000,0x000070000366e000)]
  0x00007fa97c866800 JavaThread "Finalizer" daemon [_thread_blocked, id=17411, stack(0x0000700003671000,0x0000700003771000)]
  0x00007fa97b83b000 JavaThread "Signal Dispatcher" daemon [_thread_blocked, id=22019, stack(0x000070000387a000,0x000070000397a000)]
  0x00007fa97c864800 JavaThread "Service Thread" daemon [_thread_blocked, id=42755, stack(0x000070000397d000,0x0000700003a7d000)]
  0x00007fa97c86a000 JavaThread "C2 CompilerThread0" daemon [_thread_blocked, id=42243, stack(0x0000700003a80000,0x0000700003b80000)]
  0x00007fa97b847000 JavaThread "C1 CompilerThread0" daemon [_thread_blocked, id=22787, stack(0x0000700003b83000,0x0000700003c83000)]
  0x00007fa97b84a000 JavaThread "Sweeper thread" daemon [_thread_blocked, id=23299, stack(0x0000700003c86000,0x0000700003d86000)]
  0x00007fa97d01f800 JavaThread "Notification Thread" daemon [_thread_blocked, id=40707, stack(0x0000700003d89000,0x0000700003e89000)]
  0x00007fa97b85d000 JavaThread "Common-Cleaner" daemon [_thread_blocked, id=39683, stack(0x0000700003f8f000,0x000070000408f000)]
  0x00007fa97ca09000 JavaThread "AppKit Thread" daemon [_thread_in_native, id=775, stack(0x00007ffee02e6000,0x00007ffee0ae6000)]
  0x00007fa97ca27800 JavaThread "AWT-Shutdown" [_thread_blocked, id=34051, stack(0x0000700004115000,0x0000700004215000)]
=>0x00007fa97d085800 JavaThread "Java2D Queue Flusher" daemon [_thread_in_native, id=77575, stack(0x000070000431e000,0x000070000441e000)]
  0x00007fa97ca72000 JavaThread "Java2D Disposer" daemon [_thread_blocked, id=61727, stack(0x0000700004421000,0x0000700004521000)]
  0x00007fa97ca83000 JavaThread "AWT-EventQueue-0" [_thread_blocked, id=69123, stack(0x000070000482d000,0x000070000492d000)]
  0x00007fa97c1ba000 JavaThread "TimerQueue" daemon [_thread_blocked, id=68355, stack(0x0000700004930000,0x0000700004a30000)]

Other Threads:
  0x00007fa97b838800 VMThread "VM Thread" [stack: 0x000070000346b000,0x000070000356b000] [id=13571]
  0x00007fa97b815000 WatcherThread [stack: 0x0000700003e8c000,0x0000700003f8c000] [id=40195]
  0x00007fa97c025800 GCTaskThread "GC Thread#0" [stack: 0x0000700002f5c000,0x000070000305c000] [id=12547]
  0x00007fa97c168800 GCTaskThread "GC Thread#1" [stack: 0x0000700004524000,0x0000700004624000] [id=59675]
  0x00007fa97c195800 GCTaskThread "GC Thread#2" [stack: 0x0000700004627000,0x0000700004727000] [id=71171]
  0x00007fa97ca74000 GCTaskThread "GC Thread#3" [stack: 0x000070000472a000,0x000070000482a000] [id=62211]
  0x00007fa97c808800 ConcurrentGCThread "G1 Main Marker" [stack: 0x000070000305f000,0x000070000315f000] [id=19715]
  0x00007fa97c81c800 ConcurrentGCThread "G1 Conc#0" [stack: 0x0000700003162000,0x0000700003262000] [id=18947]
  0x00007fa97c84d800 ConcurrentGCThread "G1 Refine#0" [stack: 0x0000700003265000,0x0000700003365000] [id=18691]
  0x00007fa97c84e000 ConcurrentGCThread "G1 Young RemSet Sampling" [stack: 0x0000700003368000,0x0000700003468000] [id=18435]

Threads with active compile tasks:

VM state:not at safepoint (normal execution)

VM Mutex/Monitor currently owned by a thread: None

Heap address: 0x0000000780000000, size: 2048 MB, Compressed Oops mode: Zero based, Oop shift amount: 3
Narrow klass base: 0x0000000800000000, Narrow klass shift: 3
Compressed class space size: 1073741824 Address: 0x0000000800b19000

Heap:
 garbage-first heap   total 133120K, used 5135K [0x0000000780000000, 0x0000000800000000)
  region size 1024K, 4 young (4096K), 2 survivors (2048K)
 Metaspace       used 11681K, capacity 11956K, committed 12160K, reserved 1060864K
  class space    used 1482K, capacity 1638K, committed 1664K, reserved 1048576K
Heap Regions: E=young(eden), S=young(survivor), O=old, HS=humongous(starts), HC=humongous(continues), CS=collection set, F=free, OA=open archive, CA=closed archive, TAMS=top-at-mark-start (previous, next)
|   0|0x0000000780000000, 0x0000000780100000, 0x0000000780100000|100%| O|  |TAMS 0x0000000780000000, 0x0000000780000000| Untracked 
|   1|0x0000000780100000, 0x0000000780200000, 0x0000000780200000|100%| O|  |TAMS 0x0000000780100000, 0x0000000780100000| Untracked 
|   2|0x0000000780200000, 0x0000000780202200, 0x0000000780300000|  0%| O|  |TAMS 0x0000000780200000, 0x0000000780200000| Untracked 
|   3|0x0000000780300000, 0x0000000780300000, 0x0000000780400000|  0%| F|  |TAMS 0x0000000780300000, 0x0000000780300000| Untracked 
|   4|0x0000000780400000, 0x0000000780400000, 0x0000000780500000|  0%| F|  |TAMS 0x0000000780400000, 0x0000000780400000| Untracked 
|   5|0x0000000780500000, 0x0000000780500000, 0x0000000780600000|  0%| F|  |TAMS 0x0000000780500000, 0x0000000780500000| Untracked 
|   6|0x0000000780600000, 0x0000000780600000, 0x0000000780700000|  0%| F|  |TAMS 0x0000000780600000, 0x0000000780600000| Untracked 
|   7|0x0000000780700000, 0x0000000780700000, 0x0000000780800000|  0%| F|  |TAMS 0x0000000780700000, 0x0000000780700000| Untracked 
|   8|0x0000000780800000, 0x0000000780800000, 0x0000000780900000|  0%| F|  |TAMS 0x0000000780800000, 0x0000000780800000| Untracked 
|   9|0x0000000780900000, 0x0000000780900000, 0x0000000780a00000|  0%| F|  |TAMS 0x0000000780900000, 0x0000000780900000| Untracked 
|  10|0x0000000780a00000, 0x0000000780a00000, 0x0000000780b00000|  0%| F|  |TAMS 0x0000000780a00000, 0x0000000780a00000| Untracked 
|  11|0x0000000780b00000, 0x0000000780b00000, 0x0000000780c00000|  0%| F|  |TAMS 0x0000000780b00000, 0x0000000780b00000| Untracked 
|  12|0x0000000780c00000, 0x0000000780c00000, 0x0000000780d00000|  0%| F|  |TAMS 0x0000000780c00000, 0x0000000780c00000| Untracked 
|  13|0x0000000780d00000, 0x0000000780d00000, 0x0000000780e00000|  0%| F|  |TAMS 0x0000000780d00000, 0x0000000780d00000| Untracked 
|  14|0x0000000780e00000, 0x0000000780e00000, 0x0000000780f00000|  0%| F|  |TAMS 0x0000000780e00000, 0x0000000780e00000| Untracked 
|  15|0x0000000780f00000, 0x0000000780f00000, 0x0000000781000000|  0%| F|  |TAMS 0x0000000780f00000, 0x0000000780f00000| Untracked 
|  16|0x0000000781000000, 0x0000000781000000, 0x0000000781100000|  0%| F|  |TAMS 0x0000000781000000, 0x0000000781000000| Untracked 
|  17|0x0000000781100000, 0x0000000781100000, 0x0000000781200000|  0%| F|  |TAMS 0x0000000781100000, 0x0000000781100000| Untracked 
|  18|0x0000000781200000, 0x0000000781200000, 0x0000000781300000|  0%| F|  |TAMS 0x0000000781200000, 0x0000000781200000| Untracked 
|  19|0x0000000781300000, 0x0000000781300000, 0x0000000781400000|  0%| F|  |TAMS 0x0000000781300000, 0x0000000781300000| Untracked 
|  20|0x0000000781400000, 0x0000000781400000, 0x0000000781500000|  0%| F|  |TAMS 0x0000000781400000, 0x0000000781400000| Untracked 
|  21|0x0000000781500000, 0x0000000781500000, 0x0000000781600000|  0%| F|  |TAMS 0x0000000781500000, 0x0000000781500000| Untracked 
|  22|0x0000000781600000, 0x0000000781600000, 0x0000000781700000|  0%| F|  |TAMS 0x0000000781600000, 0x0000000781600000| Untracked 
|  23|0x0000000781700000, 0x0000000781700000, 0x0000000781800000|  0%| F|  |TAMS 0x0000000781700000, 0x0000000781700000| Untracked 
|  24|0x0000000781800000, 0x0000000781800000, 0x0000000781900000|  0%| F|  |TAMS 0x0000000781800000, 0x0000000781800000| Untracked 
|  25|0x0000000781900000, 0x0000000781900000, 0x0000000781a00000|  0%| F|  |TAMS 0x0000000781900000, 0x0000000781900000| Untracked 
|  26|0x0000000781a00000, 0x0000000781a00000, 0x0000000781b00000|  0%| F|  |TAMS 0x0000000781a00000, 0x0000000781a00000| Untracked 
|  27|0x0000000781b00000, 0x0000000781b00000, 0x0000000781c00000|  0%| F|  |TAMS 0x0000000781b00000, 0x0000000781b00000| Untracked 
|  28|0x0000000781c00000, 0x0000000781c00000, 0x0000000781d00000|  0%| F|  |TAMS 0x0000000781c00000, 0x0000000781c00000| Untracked 
|  29|0x0000000781d00000, 0x0000000781d00000, 0x0000000781e00000|  0%| F|  |TAMS 0x0000000781d00000, 0x0000000781d00000| Untracked 
|  30|0x0000000781e00000, 0x0000000781e00000, 0x0000000781f00000|  0%| F|  |TAMS 0x0000000781e00000, 0x0000000781e00000| Untracked 
|  31|0x0000000781f00000, 0x0000000781f00000, 0x0000000782000000|  0%| F|  |TAMS 0x0000000781f00000, 0x0000000781f00000| Untracked 
|  32|0x0000000782000000, 0x0000000782000000, 0x0000000782100000|  0%| F|  |TAMS 0x0000000782000000, 0x0000000782000000| Untracked 
|  33|0x0000000782100000, 0x0000000782100000, 0x0000000782200000|  0%| F|  |TAMS 0x0000000782100000, 0x0000000782100000| Untracked 
|  34|0x0000000782200000, 0x0000000782200000, 0x0000000782300000|  0%| F|  |TAMS 0x0000000782200000, 0x0000000782200000| Untracked 
|  35|0x0000000782300000, 0x0000000782300000, 0x0000000782400000|  0%| F|  |TAMS 0x0000000782300000, 0x0000000782300000| Untracked 
|  36|0x0000000782400000, 0x0000000782400000, 0x0000000782500000|  0%| F|  |TAMS 0x0000000782400000, 0x0000000782400000| Untracked 
|  37|0x0000000782500000, 0x0000000782500000, 0x0000000782600000|  0%| F|  |TAMS 0x0000000782500000, 0x0000000782500000| Untracked 
|  38|0x0000000782600000, 0x0000000782600000, 0x0000000782700000|  0%| F|  |TAMS 0x0000000782600000, 0x0000000782600000| Untracked 
|  39|0x0000000782700000, 0x0000000782700000, 0x0000000782800000|  0%| F|  |TAMS 0x0000000782700000, 0x0000000782700000| Untracked 
|  40|0x0000000782800000, 0x0000000782800000, 0x0000000782900000|  0%| F|  |TAMS 0x0000000782800000, 0x0000000782800000| Untracked 
|  41|0x0000000782900000, 0x0000000782900000, 0x0000000782a00000|  0%| F|  |TAMS 0x0000000782900000, 0x0000000782900000| Untracked 
|  42|0x0000000782a00000, 0x0000000782a00000, 0x0000000782b00000|  0%| F|  |TAMS 0x0000000782a00000, 0x0000000782a00000| Untracked 
|  43|0x0000000782b00000, 0x0000000782b00000, 0x0000000782c00000|  0%| F|  |TAMS 0x0000000782b00000, 0x0000000782b00000| Untracked 
|  44|0x0000000782c00000, 0x0000000782c00000, 0x0000000782d00000|  0%| F|  |TAMS 0x0000000782c00000, 0x0000000782c00000| Untracked 
|  45|0x0000000782d00000, 0x0000000782d00000, 0x0000000782e00000|  0%| F|  |TAMS 0x0000000782d00000, 0x0000000782d00000| Untracked 
|  46|0x0000000782e00000, 0x0000000782e00000, 0x0000000782f00000|  0%| F|  |TAMS 0x0000000782e00000, 0x0000000782e00000| Untracked 
|  47|0x0000000782f00000, 0x0000000782f00000, 0x0000000783000000|  0%| F|  |TAMS 0x0000000782f00000, 0x0000000782f00000| Untracked 
|  48|0x0000000783000000, 0x0000000783000000, 0x0000000783100000|  0%| F|  |TAMS 0x0000000783000000, 0x0000000783000000| Untracked 
|  49|0x0000000783100000, 0x0000000783100000, 0x0000000783200000|  0%| F|  |TAMS 0x0000000783100000, 0x0000000783100000| Untracked 
|  50|0x0000000783200000, 0x0000000783200000, 0x0000000783300000|  0%| F|  |TAMS 0x0000000783200000, 0x0000000783200000| Untracked 
|  51|0x0000000783300000, 0x0000000783300000, 0x0000000783400000|  0%| F|  |TAMS 0x0000000783300000, 0x0000000783300000| Untracked 
|  52|0x0000000783400000, 0x0000000783400000, 0x0000000783500000|  0%| F|  |TAMS 0x0000000783400000, 0x0000000783400000| Untracked 
|  53|0x0000000783500000, 0x0000000783500000, 0x0000000783600000|  0%| F|  |TAMS 0x0000000783500000, 0x0000000783500000| Untracked 
|  54|0x0000000783600000, 0x0000000783600000, 0x0000000783700000|  0%| F|  |TAMS 0x0000000783600000, 0x0000000783600000| Untracked 
|  55|0x0000000783700000, 0x0000000783700000, 0x0000000783800000|  0%| F|  |TAMS 0x0000000783700000, 0x0000000783700000| Untracked 
|  56|0x0000000783800000, 0x0000000783800000, 0x0000000783900000|  0%| F|  |TAMS 0x0000000783800000, 0x0000000783800000| Untracked 
|  57|0x0000000783900000, 0x0000000783900000, 0x0000000783a00000|  0%| F|  |TAMS 0x0000000783900000, 0x0000000783900000| Untracked 
|  58|0x0000000783a00000, 0x0000000783a00000, 0x0000000783b00000|  0%| F|  |TAMS 0x0000000783a00000, 0x0000000783a00000| Untracked 
|  59|0x0000000783b00000, 0x0000000783b00000, 0x0000000783c00000|  0%| F|  |TAMS 0x0000000783b00000, 0x0000000783b00000| Untracked 
|  60|0x0000000783c00000, 0x0000000783c00000, 0x0000000783d00000|  0%| F|  |TAMS 0x0000000783c00000, 0x0000000783c00000| Untracked 
|  61|0x0000000783d00000, 0x0000000783d00000, 0x0000000783e00000|  0%| F|  |TAMS 0x0000000783d00000, 0x0000000783d00000| Untracked 
|  62|0x0000000783e00000, 0x0000000783e00000, 0x0000000783f00000|  0%| F|  |TAMS 0x0000000783e00000, 0x0000000783e00000| Untracked 
|  63|0x0000000783f00000, 0x0000000783f00000, 0x0000000784000000|  0%| F|  |TAMS 0x0000000783f00000, 0x0000000783f00000| Untracked 
|  64|0x0000000784000000, 0x0000000784000000, 0x0000000784100000|  0%| F|  |TAMS 0x0000000784000000, 0x0000000784000000| Untracked 
|  65|0x0000000784100000, 0x0000000784100000, 0x0000000784200000|  0%| F|  |TAMS 0x0000000784100000, 0x0000000784100000| Untracked 
|  66|0x0000000784200000, 0x0000000784200000, 0x0000000784300000|  0%| F|  |TAMS 0x0000000784200000, 0x0000000784200000| Untracked 
|  67|0x0000000784300000, 0x0000000784300000, 0x0000000784400000|  0%| F|  |TAMS 0x0000000784300000, 0x0000000784300000| Untracked 
|  68|0x0000000784400000, 0x0000000784400000, 0x0000000784500000|  0%| F|  |TAMS 0x0000000784400000, 0x0000000784400000| Untracked 
|  69|0x0000000784500000, 0x0000000784500000, 0x0000000784600000|  0%| F|  |TAMS 0x0000000784500000, 0x0000000784500000| Untracked 
|  70|0x0000000784600000, 0x0000000784600000, 0x0000000784700000|  0%| F|  |TAMS 0x0000000784600000, 0x0000000784600000| Untracked 
|  71|0x0000000784700000, 0x0000000784700000, 0x0000000784800000|  0%| F|  |TAMS 0x0000000784700000, 0x0000000784700000| Untracked 
|  72|0x0000000784800000, 0x0000000784800000, 0x0000000784900000|  0%| F|  |TAMS 0x0000000784800000, 0x0000000784800000| Untracked 
|  73|0x0000000784900000, 0x0000000784900000, 0x0000000784a00000|  0%| F|  |TAMS 0x0000000784900000, 0x0000000784900000| Untracked 
|  74|0x0000000784a00000, 0x0000000784a00000, 0x0000000784b00000|  0%| F|  |TAMS 0x0000000784a00000, 0x0000000784a00000| Untracked 
|  75|0x0000000784b00000, 0x0000000784b00000, 0x0000000784c00000|  0%| F|  |TAMS 0x0000000784b00000, 0x0000000784b00000| Untracked 
|  76|0x0000000784c00000, 0x0000000784c00000, 0x0000000784d00000|  0%| F|  |TAMS 0x0000000784c00000, 0x0000000784c00000| Untracked 
|  77|0x0000000784d00000, 0x0000000784d00000, 0x0000000784e00000|  0%| F|  |TAMS 0x0000000784d00000, 0x0000000784d00000| Untracked 
|  78|0x0000000784e00000, 0x0000000784e00000, 0x0000000784f00000|  0%| F|  |TAMS 0x0000000784e00000, 0x0000000784e00000| Untracked 
|  79|0x0000000784f00000, 0x0000000784f00000, 0x0000000785000000|  0%| F|  |TAMS 0x0000000784f00000, 0x0000000784f00000| Untracked 
|  80|0x0000000785000000, 0x0000000785000000, 0x0000000785100000|  0%| F|  |TAMS 0x0000000785000000, 0x0000000785000000| Untracked 
|  81|0x0000000785100000, 0x0000000785100000, 0x0000000785200000|  0%| F|  |TAMS 0x0000000785100000, 0x0000000785100000| Untracked 
|  82|0x0000000785200000, 0x0000000785200000, 0x0000000785300000|  0%| F|  |TAMS 0x0000000785200000, 0x0000000785200000| Untracked 
|  83|0x0000000785300000, 0x0000000785300000, 0x0000000785400000|  0%| F|  |TAMS 0x0000000785300000, 0x0000000785300000| Untracked 
|  84|0x0000000785400000, 0x0000000785400000, 0x0000000785500000|  0%| F|  |TAMS 0x0000000785400000, 0x0000000785400000| Untracked 
|  85|0x0000000785500000, 0x0000000785500000, 0x0000000785600000|  0%| F|  |TAMS 0x0000000785500000, 0x0000000785500000| Untracked 
|  86|0x0000000785600000, 0x0000000785600000, 0x0000000785700000|  0%| F|  |TAMS 0x0000000785600000, 0x0000000785600000| Untracked 
|  87|0x0000000785700000, 0x0000000785700000, 0x0000000785800000|  0%| F|  |TAMS 0x0000000785700000, 0x0000000785700000| Untracked 
|  88|0x0000000785800000, 0x0000000785800000, 0x0000000785900000|  0%| F|  |TAMS 0x0000000785800000, 0x0000000785800000| Untracked 
|  89|0x0000000785900000, 0x0000000785900000, 0x0000000785a00000|  0%| F|  |TAMS 0x0000000785900000, 0x0000000785900000| Untracked 
|  90|0x0000000785a00000, 0x0000000785a00000, 0x0000000785b00000|  0%| F|  |TAMS 0x0000000785a00000, 0x0000000785a00000| Untracked 
|  91|0x0000000785b00000, 0x0000000785b00000, 0x0000000785c00000|  0%| F|  |TAMS 0x0000000785b00000, 0x0000000785b00000| Untracked 
|  92|0x0000000785c00000, 0x0000000785c00000, 0x0000000785d00000|  0%| F|  |TAMS 0x0000000785c00000, 0x0000000785c00000| Untracked 
|  93|0x0000000785d00000, 0x0000000785d00000, 0x0000000785e00000|  0%| F|  |TAMS 0x0000000785d00000, 0x0000000785d00000| Untracked 
|  94|0x0000000785e00000, 0x0000000785e00000, 0x0000000785f00000|  0%| F|  |TAMS 0x0000000785e00000, 0x0000000785e00000| Untracked 
|  95|0x0000000785f00000, 0x0000000785f00000, 0x0000000786000000|  0%| F|  |TAMS 0x0000000785f00000, 0x0000000785f00000| Untracked 
|  96|0x0000000786000000, 0x0000000786000000, 0x0000000786100000|  0%| F|  |TAMS 0x0000000786000000, 0x0000000786000000| Untracked 
|  97|0x0000000786100000, 0x0000000786100000, 0x0000000786200000|  0%| F|  |TAMS 0x0000000786100000, 0x0000000786100000| Untracked 
|  98|0x0000000786200000, 0x0000000786200000, 0x0000000786300000|  0%| F|  |TAMS 0x0000000786200000, 0x0000000786200000| Untracked 
|  99|0x0000000786300000, 0x0000000786300000, 0x0000000786400000|  0%| F|  |TAMS 0x0000000786300000, 0x0000000786300000| Untracked 
| 100|0x0000000786400000, 0x0000000786400000, 0x0000000786500000|  0%| F|  |TAMS 0x0000000786400000, 0x0000000786400000| Untracked 
| 101|0x0000000786500000, 0x0000000786500000, 0x0000000786600000|  0%| F|  |TAMS 0x0000000786500000, 0x0000000786500000| Untracked 
| 102|0x0000000786600000, 0x0000000786600000, 0x0000000786700000|  0%| F|  |TAMS 0x0000000786600000, 0x0000000786600000| Untracked 
| 103|0x0000000786700000, 0x0000000786700000, 0x0000000786800000|  0%| F|  |TAMS 0x0000000786700000, 0x0000000786700000| Untracked 
| 104|0x0000000786800000, 0x0000000786800000, 0x0000000786900000|  0%| F|  |TAMS 0x0000000786800000, 0x0000000786800000| Untracked 
| 105|0x0000000786900000, 0x0000000786933dc8, 0x0000000786a00000| 20%| S|CS|TAMS 0x0000000786900000, 0x0000000786900000| Complete 
| 106|0x0000000786a00000, 0x0000000786b00000, 0x0000000786b00000|100%| S|CS|TAMS 0x0000000786a00000, 0x0000000786a00000| Complete 
| 107|0x0000000786b00000, 0x0000000786b00000, 0x0000000786c00000|  0%| F|  |TAMS 0x0000000786b00000, 0x0000000786b00000| Untracked 
| 108|0x0000000786c00000, 0x0000000786c00000, 0x0000000786d00000|  0%| F|  |TAMS 0x0000000786c00000, 0x0000000786c00000| Untracked 
| 109|0x0000000786d00000, 0x0000000786d00000, 0x0000000786e00000|  0%| F|  |TAMS 0x0000000786d00000, 0x0000000786d00000| Untracked 
| 110|0x0000000786e00000, 0x0000000786e00000, 0x0000000786f00000|  0%| F|  |TAMS 0x0000000786e00000, 0x0000000786e00000| Untracked 
| 111|0x0000000786f00000, 0x0000000786f00000, 0x0000000787000000|  0%| F|  |TAMS 0x0000000786f00000, 0x0000000786f00000| Untracked 
| 112|0x0000000787000000, 0x0000000787000000, 0x0000000787100000|  0%| F|  |TAMS 0x0000000787000000, 0x0000000787000000| Untracked 
| 113|0x0000000787100000, 0x0000000787100000, 0x0000000787200000|  0%| F|  |TAMS 0x0000000787100000, 0x0000000787100000| Untracked 
| 114|0x0000000787200000, 0x0000000787200000, 0x0000000787300000|  0%| F|  |TAMS 0x0000000787200000, 0x0000000787200000| Untracked 
| 115|0x0000000787300000, 0x0000000787300000, 0x0000000787400000|  0%| F|  |TAMS 0x0000000787300000, 0x0000000787300000| Untracked 
| 116|0x0000000787400000, 0x0000000787400000, 0x0000000787500000|  0%| F|  |TAMS 0x0000000787400000, 0x0000000787400000| Untracked 
| 117|0x0000000787500000, 0x0000000787500000, 0x0000000787600000|  0%| F|  |TAMS 0x0000000787500000, 0x0000000787500000| Untracked 
| 118|0x0000000787600000, 0x0000000787600000, 0x0000000787700000|  0%| F|  |TAMS 0x0000000787600000, 0x0000000787600000| Untracked 
| 119|0x0000000787700000, 0x0000000787700000, 0x0000000787800000|  0%| F|  |TAMS 0x0000000787700000, 0x0000000787700000| Untracked 
| 120|0x0000000787800000, 0x0000000787800000, 0x0000000787900000|  0%| F|  |TAMS 0x0000000787800000, 0x0000000787800000| Untracked 
| 121|0x0000000787900000, 0x0000000787900000, 0x0000000787a00000|  0%| F|  |TAMS 0x0000000787900000, 0x0000000787900000| Untracked 
| 122|0x0000000787a00000, 0x0000000787a00000, 0x0000000787b00000|  0%| F|  |TAMS 0x0000000787a00000, 0x0000000787a00000| Untracked 
| 123|0x0000000787b00000, 0x0000000787b00000, 0x0000000787c00000|  0%| F|  |TAMS 0x0000000787b00000, 0x0000000787b00000| Untracked 
| 124|0x0000000787c00000, 0x0000000787c00000, 0x0000000787d00000|  0%| F|  |TAMS 0x0000000787c00000, 0x0000000787c00000| Untracked 
| 125|0x0000000787d00000, 0x0000000787d00000, 0x0000000787e00000|  0%| F|  |TAMS 0x0000000787d00000, 0x0000000787d00000| Untracked 
| 126|0x0000000787e00000, 0x0000000787efd738, 0x0000000787f00000| 99%| E|  |TAMS 0x0000000787e00000, 0x0000000787e00000| Complete 
| 127|0x0000000787f00000, 0x0000000788000000, 0x0000000788000000|100%| E|CS|TAMS 0x0000000787f00000, 0x0000000787f00000| Complete 
|1022|0x00000007bfe00000, 0x00000007bfe52000, 0x00000007bff00000| 32%|OA|  |TAMS 0x00000007bfe00000, 0x00000007bfe00000| Untracked 
|1023|0x00000007bff00000, 0x00000007bff7c000, 0x00000007c0000000| 48%|CA|  |TAMS 0x00000007bff00000, 0x00000007bff00000| Untracked 

Card table byte_map: [0x0000000110e12000,0x0000000111212000] _byte_map_base: 0x000000010d212000

Marking Bits (Prev, Next): (CMBitMap*) 0x00007fa97c026218, (CMBitMap*) 0x00007fa97c026258
 Prev Bits: [0x0000000111612000, 0x0000000113612000)
 Next Bits: [0x0000000113612000, 0x0000000115612000)

Polling page: 0x000000010f14a000

Metaspace:

Usage:
  Non-class:     10.08 MB capacity,     9.96 MB ( 99%) used,    89.86 KB ( <1%) free+waste,    28.94 KB ( <1%) overhead. 
      Class:      1.60 MB capacity,     1.45 MB ( 91%) used,   137.05 KB (  8%) free+waste,    18.50 KB (  1%) overhead. 
       Both:     11.68 MB capacity,    11.41 MB ( 98%) used,   226.91 KB (  2%) free+waste,    47.44 KB ( <1%) overhead. 

Virtual space:
  Non-class space:       12.00 MB reserved,      10.25 MB ( 85%) committed 
      Class space:        1.00 GB reserved,       1.62 MB ( <1%) committed 
             Both:        1.01 GB reserved,      11.88 MB (  1%) committed 

Chunk freelists:
   Non-Class:  62.00 KB
       Class:  22.00 KB
        Both:  84.00 KB

MaxMetaspaceSize: unlimited
CompressedClassSpaceSize: 1.00 GB

CodeHeap 'non-profiled nmethods': size=120032Kb used=391Kb max_used=391Kb free=119640Kb
 bounds [0x0000000127607000, 0x0000000127877000, 0x000000012eb3f000]
CodeHeap 'profiled nmethods': size=120028Kb used=2279Kb max_used=2279Kb free=117748Kb
 bounds [0x00000001200d0000, 0x0000000120340000, 0x0000000127607000]
CodeHeap 'non-nmethods': size=5700Kb used=1288Kb max_used=1303Kb free=4412Kb
 bounds [0x000000011fb3f000, 0x000000011fdaf000, 0x00000001200d0000]
 total_blobs=2163 nmethods=1343 adapters=500
 compilation: enabled
              stopped_count=0, restarted_count=0
 full_count=0

Compilation events (20 events):
Event: 14.752 Thread 0x00007fa97b847000 1334       3       sun.java2d.DefaultDisposerRecord::dispose (12 bytes)
Event: 14.752 Thread 0x00007fa97b847000 nmethod 1334 0x0000000120307410 code [0x00000001203075a0, 0x00000001203076e0]
Event: 14.752 Thread 0x00007fa97b847000 1333       3       java.lang.ref.ReferenceQueue::remove (6 bytes)
Event: 14.752 Thread 0x00007fa97b847000 nmethod 1333 0x0000000120307790 code [0x0000000120307920, 0x0000000120307b00]
Event: 14.752 Thread 0x00007fa97b847000 1325       3       scala.math.Numeric$IntIsIntegral$::times (7 bytes)
Event: 14.752 Thread 0x00007fa97b847000 nmethod 1325 0x0000000120307b90 code [0x0000000120307d20, 0x0000000120307ef0]
Event: 14.752 Thread 0x00007fa97b847000 1326       3       scala.math.Numeric$IntIsIntegral::times$ (7 bytes)
Event: 14.752 Thread 0x00007fa97b847000 nmethod 1326 0x0000000120308010 code [0x00000001203081a0, 0x0000000120308350]
Event: 14.752 Thread 0x00007fa97b847000 1327       3       scala.math.Numeric$IntIsIntegral::times (4 bytes)
Event: 14.752 Thread 0x00007fa97b847000 nmethod 1327 0x0000000120308490 code [0x0000000120308620, 0x0000000120308730]
Event: 14.752 Thread 0x00007fa97b847000 1338       1       sun.awt.image.SunVolatileImage::getWidth (5 bytes)
Event: 14.752 Thread 0x00007fa97b847000 nmethod 1338 0x0000000127667c90 code [0x0000000127667e20, 0x0000000127667ef0]
Event: 14.752 Thread 0x00007fa97b847000 1339       1       sun.awt.image.SunVolatileImage::getHeight (5 bytes)
Event: 14.752 Thread 0x00007fa97b847000 nmethod 1339 0x0000000127667f90 code [0x0000000127668120, 0x00000001276681f0]
Event: 14.752 Thread 0x00007fa97b847000 1340       1       sun.awt.image.VolatileSurfaceManager::getPrimarySurfaceData (5 bytes)
Event: 14.752 Thread 0x00007fa97b847000 nmethod 1340 0x0000000127668290 code [0x0000000127668420, 0x00000001276684f0]
Event: 14.813 Thread 0x00007fa97b847000 1341       3       java.util.HashSet::contains (9 bytes)
Event: 14.813 Thread 0x00007fa97b847000 nmethod 1341 0x0000000120308810 code [0x00000001203089e0, 0x0000000120308e30]
Event: 14.904 Thread 0x00007fa97c86a000 1342       4       sun.java2d.SunGraphics2D::validateColor (102 bytes)
Event: 14.905 Thread 0x00007fa97b847000 1344       3       java.awt.geom.AffineTransform::translate (547 bytes)

GC Heap History (4 events):
Event: 3.864 GC heap before
{Heap before GC invocations=0 (full 0):
 garbage-first heap   total 133120K, used 13112K [0x0000000780000000, 0x0000000800000000)
  region size 1024K, 13 young (13312K), 0 survivors (0K)
 Metaspace       used 7683K, capacity 8346K, committed 8576K, reserved 1056768K
  class space    used 974K, capacity 1060K, committed 1152K, reserved 1048576K
}
Event: 3.872 GC heap after
{Heap after GC invocations=1 (full 0):
 garbage-first heap   total 133120K, used 2908K [0x0000000780000000, 0x0000000800000000)
  region size 1024K, 2 young (2048K), 2 survivors (2048K)
 Metaspace       used 7683K, capacity 8346K, committed 8576K, reserved 1056768K
  class space    used 974K, capacity 1060K, committed 1152K, reserved 1048576K
}
Event: 14.742 GC heap before
{Heap before GC invocations=1 (full 0):
 garbage-first heap   total 133120K, used 21340K [0x0000000780000000, 0x0000000800000000)
  region size 1024K, 21 young (21504K), 2 survivors (2048K)
 Metaspace       used 11674K, capacity 11956K, committed 12160K, reserved 1060864K
  class space    used 1482K, capacity 1638K, committed 1664K, reserved 1048576K
}
Event: 14.746 GC heap after
{Heap after GC invocations=2 (full 0):
 garbage-first heap   total 133120K, used 4111K [0x0000000780000000, 0x0000000800000000)
  region size 1024K, 2 young (2048K), 2 survivors (2048K)
 Metaspace       used 11674K, capacity 11956K, committed 12160K, reserved 1060864K
  class space    used 1482K, capacity 1638K, committed 1664K, reserved 1048576K
}

Deoptimization events (20 events):
Event: 6.990 Thread 0x00007fa97ca83000 DEOPT PACKING pc=0x0000000120234bb9 sp=0x000070000492b7f0
Event: 6.990 Thread 0x00007fa97ca83000 DEOPT UNPACKING pc=0x000000011fb8833a sp=0x000070000492aca8 mode 0
Event: 6.990 Thread 0x00007fa97ca83000 DEOPT PACKING pc=0x0000000120234bb9 sp=0x000070000492b7f0
Event: 6.990 Thread 0x00007fa97ca83000 DEOPT UNPACKING pc=0x000000011fb8833a sp=0x000070000492aca8 mode 0
Event: 6.991 Thread 0x00007fa97ca83000 DEOPT PACKING pc=0x0000000120234bb9 sp=0x000070000492b7f0
Event: 6.991 Thread 0x00007fa97ca83000 DEOPT UNPACKING pc=0x000000011fb8833a sp=0x000070000492aca8 mode 0
Event: 6.991 Thread 0x00007fa97ca83000 DEOPT PACKING pc=0x0000000120234bb9 sp=0x000070000492b7f0
Event: 6.991 Thread 0x00007fa97ca83000 DEOPT UNPACKING pc=0x000000011fb8833a sp=0x000070000492aca8 mode 0
Event: 6.992 Thread 0x00007fa97ca83000 DEOPT PACKING pc=0x0000000120234bb9 sp=0x000070000492b7f0
Event: 6.992 Thread 0x00007fa97ca83000 DEOPT UNPACKING pc=0x000000011fb8833a sp=0x000070000492aca8 mode 0
Event: 6.992 Thread 0x00007fa97ca83000 DEOPT PACKING pc=0x0000000120234bb9 sp=0x000070000492b7f0
Event: 6.992 Thread 0x00007fa97ca83000 DEOPT UNPACKING pc=0x000000011fb8833a sp=0x000070000492aca8 mode 0
Event: 6.993 Thread 0x00007fa97ca83000 DEOPT PACKING pc=0x0000000120234bb9 sp=0x000070000492b7f0
Event: 6.993 Thread 0x00007fa97ca83000 DEOPT UNPACKING pc=0x000000011fb8833a sp=0x000070000492aca8 mode 0
Event: 6.994 Thread 0x00007fa97ca83000 DEOPT PACKING pc=0x0000000120234bb9 sp=0x000070000492b7f0
Event: 6.994 Thread 0x00007fa97ca83000 DEOPT UNPACKING pc=0x000000011fb8833a sp=0x000070000492aca8 mode 0
Event: 6.995 Thread 0x00007fa97ca83000 DEOPT PACKING pc=0x0000000120234bb9 sp=0x000070000492b7f0
Event: 6.995 Thread 0x00007fa97ca83000 DEOPT UNPACKING pc=0x000000011fb8833a sp=0x000070000492aca8 mode 0
Event: 11.661 Thread 0x00007fa97ca83000 DEOPT PACKING pc=0x0000000120245965 sp=0x000070000492ac60
Event: 11.661 Thread 0x00007fa97ca83000 DEOPT UNPACKING pc=0x000000011fb8833a sp=0x000070000492a130 mode 0

Classes unloaded (0 events):
No events

Classes redefined (0 events):
No events

Internal exceptions (20 events):
Event: 3.852 Thread 0x00007fa97b80c000 Exception <a 'java/lang/NoSuchMethodError'{0x00000007873ddad0}: 'java.lang.Object java.lang.invoke.DirectMethodHandle$Holder.invokeSpecial(java.lang.Object, java.lang.Object, int, java.lang.Object, java.lang.Object, java.lang.Object)'> (0x00000007873ddad0) 
thrown [./src/hotspot/share/interpreter/linkResolver.cpp, line 766]
Event: 3.876 Thread 0x00007fa97b80c000 Exception <a 'java/lang/ClassNotFoundException'{0x0000000787f1d348}: com/apple/laf/resources/spi/aquaProvider> (0x0000000787f1d348) 
thrown [./src/hotspot/share/classfile/systemDictionary.cpp, line 226]
Event: 3.958 Thread 0x00007fa97b80c000 Exception <a 'java/lang/ClassNotFoundException'{0x0000000787f832f0}: com/sun/swing/internal/plaf/basic/resources/spi/basicProvider> (0x0000000787f832f0) 
thrown [./src/hotspot/share/classfile/systemDictionary.cpp, line 226]
Event: 4.109 Thread 0x00007fa97b80c000 Exception <a 'java/lang/NoSuchMethodError'{0x0000000787fc3230}: 'java.lang.Object java.lang.invoke.Invokers$Holder.linkToTargetMethod(java.lang.Object, java.lang.Object, int, java.lang.Object, java.lang.Object)'> (0x0000000787fc3230) 
thrown [./src/hotspot/share/interpreter/linkResolver.cpp, line 766]
Event: 4.141 Thread 0x00007fa97b80c000 Exception <a 'java/lang/NoSuchMethodError'{0x0000000787fc6af0}: 'void java.lang.invoke.DirectMethodHandle$Holder.invokeStatic(java.lang.Object, int, long)'> (0x0000000787fc6af0) 
thrown [./src/hotspot/share/interpreter/linkResolver.cpp, line 766]
Event: 4.148 Thread 0x00007fa97ca83000 Exception <a 'java/lang/NoSuchMethodError'{0x0000000787e014d0}: 'void java.lang.invoke.DirectMethodHandle$Holder.invokeStatic(java.lang.Object, long)'> (0x0000000787e014d0) 
thrown [./src/hotspot/share/interpreter/linkResolver.cpp, line 766]
Event: 4.148 Thread 0x00007fa97b80c000 Exception <a 'java/lang/NoSuchMethodError'{0x0000000787fdc1a8}: 'java.lang.Object java.lang.invoke.Invokers$Holder.linkToTargetMethod(int, int, int, int, java.lang.Object)'> (0x0000000787fdc1a8) 
thrown [./src/hotspot/share/interpreter/linkResolver.cpp, line 766]
Event: 4.148 Thread 0x00007fa97b80c000 Exception <a 'java/lang/NoSuchMethodError'{0x0000000787fdef78}: 'void java.lang.invoke.DirectMethodHandle$Holder.invokeStatic(java.lang.Object, java.lang.Object, long)'> (0x0000000787fdef78) 
thrown [./src/hotspot/share/interpreter/linkResolver.cpp, line 766]
Event: 4.164 Thread 0x00007fa97ca09000 Exception <a 'java/lang/NoSuchMethodError'{0x0000000787e3a880}: 'void java.lang.invoke.DirectMethodHandle$Holder.invokeSpecial(java.lang.Object, java.lang.Object, long)'> (0x0000000787e3a880) 
thrown [./src/hotspot/share/interpreter/linkResolver.cpp, line 766]
Event: 4.872 Thread 0x00007fa97b80c000 Exception <a 'java/lang/NoSuchMethodError'{0x0000000787ff3980}: 'void java.lang.invoke.DirectMethodHandle$Holder.invokeStatic(java.lang.Object, long, long)'> (0x0000000787ff3980) 
thrown [./src/hotspot/share/interpreter/linkResolver.cpp, line 766]
Event: 4.876 Thread 0x00007fa97b80c000 Exception <a 'java/lang/NoSuchMethodError'{0x0000000787ffef20}: 'java.lang.Object java.lang.invoke.Invokers$Holder.linkToTargetMethod(java.lang.Object, int, java.lang.Object)'> (0x0000000787ffef20) 
thrown [./src/hotspot/share/interpreter/linkResolver.cpp, line 766]
Event: 6.382 Thread 0x00007fa97ca83000 Exception <a 'java/lang/NoSuchMethodError'{0x0000000787a1fe28}: 'java.lang.Object java.lang.invoke.DirectMethodHandle$Holder.invokeStatic(java.lang.Object, int, java.lang.Object, java.lang.Object)'> (0x0000000787a1fe28) 
thrown [./src/hotspot/share/interpreter/linkResolver.cpp, line 766]
Event: 6.382 Thread 0x00007fa97ca83000 Exception <a 'java/lang/NoSuchMethodError'{0x0000000787a23760}: 'java.lang.Object java.lang.invoke.DirectMethodHandle$Holder.invokeSpecial(java.lang.Object, java.lang.Object, int, java.lang.Object, java.lang.Object)'> (0x0000000787a23760) 
thrown [./src/hotspot/share/interpreter/linkResolver.cpp, line 766]
Event: 6.383 Thread 0x00007fa97ca83000 Exception <a 'java/lang/NoSuchMethodError'{0x0000000787a26630}: 'java.lang.Object java.lang.invoke.Invokers$Holder.linkToTargetMethod(int, java.lang.Object, java.lang.Object, java.lang.Object)'> (0x0000000787a26630) 
thrown [./src/hotspot/share/interpreter/linkResolver.cpp, line 766]
Event: 6.383 Thread 0x00007fa97ca83000 Exception <a 'java/lang/NoSuchMethodError'{0x0000000787a2df80}: 'java.lang.Object java.lang.invoke.DirectMethodHandle$Holder.invokeStatic(java.lang.Object, java.lang.Object, int, java.lang.Object)'> (0x0000000787a2df80) 
thrown [./src/hotspot/share/interpreter/linkResolver.cpp, line 766]
Event: 6.383 Thread 0x00007fa97ca83000 Exception <a 'java/lang/NoSuchMethodError'{0x0000000787a312c0}: 'java.lang.Object java.lang.invoke.DirectMethodHandle$Holder.invokeSpecial(java.lang.Object, java.lang.Object, java.lang.Object, int, java.lang.Object)'> (0x0000000787a312c0) 
thrown [./src/hotspot/share/interpreter/linkResolver.cpp, line 766]
Event: 6.384 Thread 0x00007fa97ca83000 Exception <a 'java/lang/NoSuchMethodError'{0x0000000787a33f50}: 'java.lang.Object java.lang.invoke.Invokers$Holder.linkToTargetMethod(java.lang.Object, int, java.lang.Object, java.lang.Object)'> (0x0000000787a33f50) 
thrown [./src/hotspot/share/interpreter/linkResolver.cpp, line 766]
Event: 6.402 Thread 0x00007fa97ca83000 Exception <a 'java/lang/NoSuchMethodError'{0x0000000787a58b70}: 'java.lang.Object java.lang.invoke.DirectMethodHandle$Holder.invokeStatic(java.lang.Object, java.lang.Object, int, int, java.lang.Object)'> (0x0000000787a58b70) 
thrown [./src/hotspot/share/interpreter/linkResolver.cpp, line 766]
Event: 6.403 Thread 0x00007fa97ca83000 Exception <a 'java/lang/NoSuchMethodError'{0x0000000787a5ff08}: 'java.lang.Object java.lang.invoke.DirectMethodHandle$Holder.invokeStatic(java.lang.Object, java.lang.Object, int, int)'> (0x0000000787a5ff08) 
thrown [./src/hotspot/share/interpreter/linkResolver.cpp, line 766]
Event: 6.404 Thread 0x00007fa97ca83000 Exception <a 'java/lang/NoSuchMethodError'{0x0000000787a66058}: 'java.lang.Object java.lang.invoke.Invokers$Holder.linkToTargetMethod(java.lang.Object, int, int, java.lang.Object)'> (0x0000000787a66058) 
thrown [./src/hotspot/share/interpreter/linkResolver.cpp, line 766]

Events (20 events):
Event: 10.079 Executing VM operation: HandshakeAllThreads done
Event: 10.080 Executing VM operation: HandshakeOneThread
Event: 10.080 Executing VM operation: HandshakeOneThread done
Event: 11.652 loading class sun/awt/DebugSettings
Event: 11.652 loading class sun/awt/DebugSettings done
Event: 11.662 loading class javax/swing/JComponent$KeyboardState
Event: 11.662 loading class javax/swing/JComponent$KeyboardState done
Event: 11.663 loading class javax/swing/JComponent$IntVector
Event: 11.663 loading class javax/swing/JComponent$IntVector done
Event: 11.663 loading class javax/swing/KeyboardManager
Event: 11.663 loading class javax/swing/KeyboardManager done
Event: 11.663 loading class javax/swing/Popup$HeavyWeightWindow
Event: 11.664 loading class sun/awt/ModalExclude
Event: 11.664 loading class sun/awt/ModalExclude done
Event: 11.664 loading class javax/swing/JWindow
Event: 11.664 loading class javax/swing/JWindow done
Event: 11.664 loading class javax/swing/Popup$HeavyWeightWindow done
Event: 14.742 Executing VM operation: G1CollectForAllocation
Event: 14.746 Executing VM operation: G1CollectForAllocation done
Event: 14.749 Loaded shared library /usr/local/Cellar/openjdk/14.0.1/libexec/openjdk.jdk/Contents/Home/lib/libawt.dylib


Dynamic libraries:
0x00007fff6a7f1000 	/usr/lib/libz.1.dylib
0x000000010f11f000 	/usr/local/Cellar/openjdk/14.0.1/libexec/openjdk.jdk/Contents/Home/lib/libjli.dylib
0x00007fff30340000 	/System/Library/Frameworks/Cocoa.framework/Versions/A/Cocoa
0x00007fff3db35000 	/System/Library/Frameworks/Security.framework/Versions/A/Security
0x00007fff2f2a5000 	/System/Library/Frameworks/ApplicationServices.framework/Versions/A/ApplicationServices
0x00007fff682b5000 	/usr/lib/libSystem.B.dylib
0x00007fff6b0b2000 	/usr/lib/system/libcache.dylib
0x00007fff6b0b8000 	/usr/lib/system/libcommonCrypto.dylib
0x00007fff6b0c4000 	/usr/lib/system/libcompiler_rt.dylib
0x00007fff6b0cc000 	/usr/lib/system/libcopyfile.dylib
0x00007fff6b0d6000 	/usr/lib/system/libcorecrypto.dylib
0x00007fff6b275000 	/usr/lib/system/libdispatch.dylib
0x00007fff6b2b6000 	/usr/lib/system/libdyld.dylib
0x00007fff6b2ed000 	/usr/lib/system/libkeymgr.dylib
0x00007fff6b2fb000 	/usr/lib/system/liblaunch.dylib
0x00007fff6b2fc000 	/usr/lib/system/libmacho.dylib
0x00007fff6b302000 	/usr/lib/system/libquarantine.dylib
0x00007fff6b305000 	/usr/lib/system/libremovefile.dylib
0x00007fff6b307000 	/usr/lib/system/libsystem_asl.dylib
0x00007fff6b31f000 	/usr/lib/system/libsystem_blocks.dylib
0x00007fff6b320000 	/usr/lib/system/libsystem_c.dylib
0x00007fff6b3a8000 	/usr/lib/system/libsystem_configuration.dylib
0x00007fff6b3ac000 	/usr/lib/system/libsystem_coreservices.dylib
0x00007fff6b3b0000 	/usr/lib/system/libsystem_darwin.dylib
0x00007fff6b3b9000 	/usr/lib/system/libsystem_dnssd.dylib
0x00007fff6b3c1000 	/usr/lib/system/libsystem_featureflags.dylib
0x00007fff6b3c3000 	/usr/lib/system/libsystem_info.dylib
0x00007fff6b43e000 	/usr/lib/system/libsystem_m.dylib
0x00007fff6b486000 	/usr/lib/system/libsystem_malloc.dylib
0x00007fff6b4ae000 	/usr/lib/system/libsystem_networkextension.dylib
0x00007fff6b4bc000 	/usr/lib/system/libsystem_notify.dylib
0x00007fff6b4da000 	/usr/lib/system/libsystem_sandbox.dylib
0x00007fff6b4df000 	/usr/lib/system/libsystem_secinit.dylib
0x00007fff6b411000 	/usr/lib/system/libsystem_kernel.dylib
0x00007fff6b4c6000 	/usr/lib/system/libsystem_platform.dylib
0x00007fff6b4cf000 	/usr/lib/system/libsystem_pthread.dylib
0x00007fff6b4e2000 	/usr/lib/system/libsystem_symptoms.dylib
0x00007fff6b4ea000 	/usr/lib/system/libsystem_trace.dylib
0x00007fff6b502000 	/usr/lib/system/libunwind.dylib
0x00007fff6b508000 	/usr/lib/system/libxpc.dylib
0x00007fff6a115000 	/usr/lib/libobjc.A.dylib
0x00007fff685ee000 	/usr/lib/libc++abi.dylib
0x00007fff6859b000 	/usr/lib/libc++.1.dylib
0x00007fff311e2000 	/System/Library/Frameworks/CoreFoundation.framework/Versions/A/CoreFoundation
0x00007fff3389f000 	/System/Library/Frameworks/Foundation.framework/Versions/C/Foundation
0x00007fff2e495000 	/System/Library/Frameworks/AppKit.framework/Versions/C/AppKit
0x00007fff30cc4000 	/System/Library/Frameworks/CoreData.framework/Versions/A/CoreData
0x00007fff622cb000 	/System/Library/PrivateFrameworks/UIFoundation.framework/Versions/A/UIFoundation
0x00007fff5d35f000 	/System/Library/PrivateFrameworks/RemoteViewServices.framework/Versions/A/RemoteViewServices
0x00007fff64e25000 	/System/Library/PrivateFrameworks/XCTTargetBootstrap.framework/Versions/A/XCTTargetBootstrap
0x00007fff310af000 	/System/Library/Frameworks/CoreDisplay.framework/Versions/A/CoreDisplay
0x00007fff36759000 	/System/Library/Frameworks/Metal.framework/Versions/A/Metal
0x00007fff4b34c000 	/System/Library/PrivateFrameworks/DesktopServicesPriv.framework/Versions/A/DesktopServicesPriv
0x00007fff693f0000 	/usr/lib/liblangid.dylib
0x00007fff4a5e1000 	/System/Library/PrivateFrameworks/CoreSVG.framework/Versions/A/CoreSVG
0x00007fff604bb000 	/System/Library/PrivateFrameworks/SkyLight.framework/Versions/A/SkyLight
0x00007fff31663000 	/System/Library/Frameworks/CoreGraphics.framework/Versions/A/CoreGraphics
0x00007fff2ce69000 	/System/Library/Frameworks/Accelerate.framework/Versions/A/Accelerate
0x00007fff6a6e2000 	/usr/lib/libxml2.2.dylib
0x00007fff562ea000 	/System/Library/PrivateFrameworks/IconServices.framework/Versions/A/IconServices
0x00007fff3407e000 	/System/Library/Frameworks/IOSurface.framework/Versions/A/IOSurface
0x00007fff67ddf000 	/usr/lib/libDiagnosticMessagesClient.dylib
0x00007fff4b1a6000 	/System/Library/PrivateFrameworks/DFRFoundation.framework/Versions/A/DFRFoundation
0x00007fff6917f000 	/usr/lib/libicucore.A.dylib
0x00007fff2f5d7000 	/System/Library/Frameworks/AudioToolbox.framework/Versions/A/AudioToolbox
0x00007fff2f6ba000 	/System/Library/Frameworks/AudioUnit.framework/Versions/A/AudioUnit
0x00007fff684b7000 	/usr/lib/libauto.dylib
0x00007fff4b248000 	/System/Library/PrivateFrameworks/DataDetectorsCore.framework/Versions/A/DataDetectorsCore
0x00007fff2fe61000 	/System/Library/Frameworks/Carbon.framework/Versions/A/Frameworks/HIToolbox.framework/Versions/A/HIToolbox
0x00007fff3cd31000 	/System/Library/Frameworks/QuartzCore.framework/Versions/A/QuartzCore
0x00007fff301a0000 	/System/Library/Frameworks/Carbon.framework/Versions/A/Frameworks/SpeechRecognition.framework/Versions/A/SpeechRecognition
0x00007fff4acba000 	/System/Library/PrivateFrameworks/CoreUI.framework/Versions/A/CoreUI
0x00007fff3072f000 	/System/Library/Frameworks/CoreAudio.framework/Versions/A/CoreAudio
0x00007fff3355e000 	/System/Library/Frameworks/DiskArbitration.framework/Versions/A/DiskArbitration
0x00007fff5833a000 	/System/Library/PrivateFrameworks/MultitouchSupport.framework/Versions/A/MultitouchSupport
0x00007fff69046000 	/usr/lib/libenergytrace.dylib
0x00007fff33fd8000 	/System/Library/Frameworks/IOKit.framework/Versions/A/IOKit
0x00007fff325ca000 	/System/Library/Frameworks/CoreServices.framework/Versions/A/CoreServices
0x00007fff5a4f2000 	/System/Library/PrivateFrameworks/PerformanceAnalysis.framework/Versions/A/PerformanceAnalysis
0x00007fff3bd64000 	/System/Library/Frameworks/OpenGL.framework/Versions/A/OpenGL
0x00007fff3034e000 	/System/Library/Frameworks/ColorSync.framework/Versions/A/ColorSync
0x00007fff31ce6000 	/System/Library/Frameworks/CoreImage.framework/Versions/A/CoreImage
0x00007fff3303d000 	/System/Library/Frameworks/CoreText.framework/Versions/A/CoreText
0x00007fff3410e000 	/System/Library/Frameworks/ImageIO.framework/Versions/A/ImageIO
0x00007fff68617000 	/usr/lib/libcompression.dylib
0x00007fff68123000 	/usr/lib/libMobileGestalt.dylib
0x00007fff62035000 	/System/Library/PrivateFrameworks/TextureIO.framework/Versions/A/TextureIO
0x00007fff6841a000 	/usr/lib/libate.dylib
0x00007fff564f3000 	/System/Library/PrivateFrameworks/InternationalSupport.framework/Versions/A/InternationalSupport
0x00007fff693f2000 	/usr/lib/liblzma.5.dylib
0x00007fff6906d000 	/usr/lib/libfakelink.dylib
0x00007fff683a7000 	/usr/lib/libarchive.2.dylib
0x00007fff3ebe6000 	/System/Library/Frameworks/SystemConfiguration.framework/Versions/A/SystemConfiguration
0x00007fff67d12000 	/usr/lib/libCRFSuite.dylib
0x00007fff2fa51000 	/System/Library/Frameworks/CFNetwork.framework/Versions/A/CFNetwork
0x00007fff6857d000 	/usr/lib/libbsm.0.dylib
0x00007fff6b2ee000 	/usr/lib/system/libkxld.dylib
0x00007fff44b23000 	/System/Library/PrivateFrameworks/AppleFSCompression.framework/Versions/A/AppleFSCompression
0x00007fff68908000 	/usr/lib/libcoretls.dylib
0x00007fff6891f000 	/usr/lib/libcoretls_cfhelpers.dylib
0x00007fff6a15b000 	/usr/lib/libpam.2.dylib
0x00007fff6a290000 	/usr/lib/libsqlite3.dylib
0x00007fff6a6cf000 	/usr/lib/libxar.1.dylib
0x00007fff6858e000 	/usr/lib/libbz2.1.0.dylib
0x00007fff6908e000 	/usr/lib/libiconv.2.dylib
0x00007fff68604000 	/usr/lib/libcharset.1.dylib
0x00007fff69bf8000 	/usr/lib/libnetwork.dylib
0x00007fff6a162000 	/usr/lib/libpcap.A.dylib
0x00007fff6835c000 	/usr/lib/libapple_nghttp2.dylib
0x00007fff32981000 	/System/Library/Frameworks/CoreServices.framework/Versions/A/Frameworks/FSEvents.framework/Versions/A/FSEvents
0x00007fff32651000 	/System/Library/Frameworks/CoreServices.framework/Versions/A/Frameworks/CarbonCore.framework/Versions/A/CarbonCore
0x00007fff32bc5000 	/System/Library/Frameworks/CoreServices.framework/Versions/A/Frameworks/Metadata.framework/Versions/A/Metadata
0x00007fff32c5e000 	/System/Library/Frameworks/CoreServices.framework/Versions/A/Frameworks/OSServices.framework/Versions/A/OSServices
0x00007fff32c8c000 	/System/Library/Frameworks/CoreServices.framework/Versions/A/Frameworks/SearchKit.framework/Versions/A/SearchKit
0x00007fff325cb000 	/System/Library/Frameworks/CoreServices.framework/Versions/A/Frameworks/AE.framework/Versions/A/AE
0x00007fff3298a000 	/System/Library/Frameworks/CoreServices.framework/Versions/A/Frameworks/LaunchServices.framework/Versions/A/LaunchServices
0x00007fff32933000 	/System/Library/Frameworks/CoreServices.framework/Versions/A/Frameworks/DictionaryServices.framework/Versions/A/DictionaryServices
0x00007fff32cf4000 	/System/Library/Frameworks/CoreServices.framework/Versions/A/Frameworks/SharedFileList.framework/Versions/A/SharedFileList
0x00007fff37b83000 	/System/Library/Frameworks/NetFS.framework/Versions/A/NetFS
0x00007fff5886a000 	/System/Library/PrivateFrameworks/NetAuth.framework/Versions/A/NetAuth
0x00007fff651f2000 	/System/Library/PrivateFrameworks/login.framework/Versions/A/Frameworks/loginsupport.framework/Versions/A/loginsupport
0x00007fff61b00000 	/System/Library/PrivateFrameworks/TCC.framework/Versions/A/TCC
0x00007fff49754000 	/System/Library/PrivateFrameworks/CoreNLP.framework/Versions/A/CoreNLP
0x00007fff57d67000 	/System/Library/PrivateFrameworks/MetadataUtilities.framework/Versions/A/MetadataUtilities
0x00007fff694ca000 	/usr/lib/libmecabra.dylib
0x00007fff69422000 	/usr/lib/libmecab.dylib
0x00007fff6907e000 	/usr/lib/libgermantok.dylib
0x00007fff68343000 	/usr/lib/libThaiTokenizer.dylib
0x00007fff67d49000 	/usr/lib/libChineseTokenizer.dylib
0x00007fff2ce81000 	/System/Library/Frameworks/Accelerate.framework/Versions/A/Frameworks/vImage.framework/Versions/A/vImage
0x00007fff2e2eb000 	/System/Library/Frameworks/Accelerate.framework/Versions/A/Frameworks/vecLib.framework/Versions/A/vecLib
0x00007fff2e228000 	/System/Library/Frameworks/Accelerate.framework/Versions/A/Frameworks/vecLib.framework/Versions/A/libvMisc.dylib
0x00007fff2e050000 	/System/Library/Frameworks/Accelerate.framework/Versions/A/Frameworks/vecLib.framework/Versions/A/libvDSP.dylib
0x00007fff2d4d8000 	/System/Library/Frameworks/Accelerate.framework/Versions/A/Frameworks/vecLib.framework/Versions/A/libBLAS.dylib
0x00007fff2dc14000 	/System/Library/Frameworks/Accelerate.framework/Versions/A/Frameworks/vecLib.framework/Versions/A/libLAPACK.dylib
0x00007fff2dfb0000 	/System/Library/Frameworks/Accelerate.framework/Versions/A/Frameworks/vecLib.framework/Versions/A/libLinearAlgebra.dylib
0x00007fff2e03d000 	/System/Library/Frameworks/Accelerate.framework/Versions/A/Frameworks/vecLib.framework/Versions/A/libSparseBLAS.dylib
0x00007fff2dfc6000 	/System/Library/Frameworks/Accelerate.framework/Versions/A/Frameworks/vecLib.framework/Versions/A/libQuadrature.dylib
0x00007fff2d740000 	/System/Library/Frameworks/Accelerate.framework/Versions/A/Frameworks/vecLib.framework/Versions/A/libBNNS.dylib
0x00007fff2dfcc000 	/System/Library/Frameworks/Accelerate.framework/Versions/A/Frameworks/vecLib.framework/Versions/A/libSparse.dylib
0x00007fff568db000 	/System/Library/PrivateFrameworks/LanguageModeling.framework/Versions/A/LanguageModeling
0x00007fff49104000 	/System/Library/PrivateFrameworks/CoreEmoji.framework/Versions/A/CoreEmoji
0x00007fff569f9000 	/System/Library/PrivateFrameworks/LinguisticData.framework/Versions/A/LinguisticData
0x00007fff569aa000 	/System/Library/PrivateFrameworks/Lexicon.framework/Versions/A/Lexicon
0x00007fff68605000 	/usr/lib/libcmph.dylib
0x00007fff3a772000 	/System/Library/Frameworks/OpenDirectory.framework/Versions/A/Frameworks/CFOpenDirectory.framework/Versions/A/CFOpenDirectory
0x00007fff3a78f000 	/System/Library/Frameworks/OpenDirectory.framework/Versions/A/OpenDirectory
0x00007fff42bd0000 	/System/Library/PrivateFrameworks/APFS.framework/Versions/A/APFS
0x00007fff3de7f000 	/System/Library/Frameworks/SecurityFoundation.framework/Versions/A/SecurityFoundation
0x00007fff6a6cb000 	/usr/lib/libutil.dylib
0x00007fff4a639000 	/System/Library/PrivateFrameworks/CoreServicesStore.framework/Versions/A/CoreServicesStore
0x00007fff3df36000 	/System/Library/Frameworks/ServiceManagement.framework/Versions/A/ServiceManagement
0x00007fff462f3000 	/System/Library/PrivateFrameworks/BackgroundTaskManagement.framework/Versions/A/BackgroundTaskManagement
0x00007fff6a7c8000 	/usr/lib/libxslt.1.dylib
0x00007fff45196000 	/System/Library/PrivateFrameworks/AppleSystemInfo.framework/Versions/A/AppleSystemInfo
0x00007fff34329000 	/System/Library/Frameworks/ImageIO.framework/Versions/A/Resources/libJPEG.dylib
0x00007fff345e7000 	/System/Library/Frameworks/ImageIO.framework/Versions/A/Resources/libTIFF.dylib
0x00007fff345ca000 	/System/Library/Frameworks/ImageIO.framework/Versions/A/Resources/libPng.dylib
0x00007fff3426b000 	/System/Library/Frameworks/ImageIO.framework/Versions/A/Resources/libGIF.dylib
0x00007fff3426f000 	/System/Library/Frameworks/ImageIO.framework/Versions/A/Resources/libJP2.dylib
0x00007fff345e5000 	/System/Library/Frameworks/ImageIO.framework/Versions/A/Resources/libRadiance.dylib
0x00007fff69047000 	/usr/lib/libexpat.1.dylib
0x00007fff44c7e000 	/System/Library/PrivateFrameworks/AppleJPEG.framework/Versions/A/AppleJPEG
0x00007fff4d94f000 	/System/Library/PrivateFrameworks/FontServices.framework/libFontParser.dylib
0x00007fff641f4000 	/System/Library/PrivateFrameworks/WatchdogClient.framework/Versions/A/WatchdogClient
0x00007fff55f36000 	/System/Library/PrivateFrameworks/IOAccelerator.framework/Versions/A/IOAccelerator
0x00007fff36af4000 	/System/Library/Frameworks/MetalPerformanceShaders.framework/Versions/A/MetalPerformanceShaders
0x00007fff526cc000 	/System/Library/PrivateFrameworks/GPUWrangler.framework/Versions/A/GPUWrangler
0x00007fff55f4b000 	/System/Library/PrivateFrameworks/IOPresentment.framework/Versions/A/IOPresentment
0x00007fff4b1b9000 	/System/Library/PrivateFrameworks/DSExternalDisplay.framework/Versions/A/DSExternalDisplay
0x00007fff3b103000 	/System/Library/Frameworks/OpenGL.framework/Versions/A/Libraries/libCoreFSCache.dylib
0x00007fff36840000 	/System/Library/Frameworks/MetalPerformanceShaders.framework/Frameworks/MPSCore.framework/Versions/A/MPSCore
0x00007fff3687e000 	/System/Library/Frameworks/MetalPerformanceShaders.framework/Frameworks/MPSImage.framework/Versions/A/MPSImage
0x00007fff36945000 	/System/Library/Frameworks/MetalPerformanceShaders.framework/Frameworks/MPSNeuralNetwork.framework/Versions/A/MPSNeuralNetwork
0x00007fff36909000 	/System/Library/Frameworks/MetalPerformanceShaders.framework/Frameworks/MPSMatrix.framework/Versions/A/MPSMatrix
0x00007fff36aa4000 	/System/Library/Frameworks/MetalPerformanceShaders.framework/Frameworks/MPSRayIntersector.framework/Versions/A/MPSRayIntersector
0x00007fff3692f000 	/System/Library/Frameworks/MetalPerformanceShaders.framework/Frameworks/MPSNDArray.framework/Versions/A/MPSNDArray
0x00007fff57db4000 	/System/Library/PrivateFrameworks/MetalTools.framework/Versions/A/MetalTools
0x00007fff43daa000 	/System/Library/PrivateFrameworks/AggregateDictionary.framework/Versions/A/AggregateDictionary
0x00007fff48b4c000 	/System/Library/PrivateFrameworks/CoreAnalytics.framework/Versions/A/CoreAnalytics
0x00007fff450b5000 	/System/Library/PrivateFrameworks/AppleSauce.framework/Versions/A/AppleSauce
0x00007fff68005000 	/usr/lib/libIOReport.dylib
0x00007fff331f5000 	/System/Library/Frameworks/CoreVideo.framework/Versions/A/CoreVideo
0x00007fff53b45000 	/System/Library/PrivateFrameworks/GraphVisualizer.framework/Versions/A/GraphVisualizer
0x00007fff4ce95000 	/System/Library/PrivateFrameworks/FaceCore.framework/Versions/A/FaceCore
0x00007fff3a719000 	/System/Library/Frameworks/OpenCL.framework/Versions/A/OpenCL
0x00007fff67e27000 	/usr/lib/libFosl_dynamic.dylib
0x00007fff5928a000 	/System/Library/PrivateFrameworks/OTSVG.framework/Versions/A/OTSVG
0x00007fff2f3aa000 	/System/Library/Frameworks/ApplicationServices.framework/Versions/A/Frameworks/ATS.framework/Versions/A/Resources/libFontRegistry.dylib
0x00007fff4db20000 	/System/Library/PrivateFrameworks/FontServices.framework/libhvf.dylib
0x00007fff3b10e000 	/System/Library/Frameworks/OpenGL.framework/Versions/A/Libraries/libGFXShared.dylib
0x00007fff3b2ec000 	/System/Library/Frameworks/OpenGL.framework/Versions/A/Libraries/libGLU.dylib
0x00007fff3b117000 	/System/Library/Frameworks/OpenGL.framework/Versions/A/Libraries/libGL.dylib
0x00007fff3b122000 	/System/Library/Frameworks/OpenGL.framework/Versions/A/Libraries/libGLImage.dylib
0x00007fff3b100000 	/System/Library/Frameworks/OpenGL.framework/Versions/A/Libraries/libCVMSPluginSupport.dylib
0x00007fff3b109000 	/System/Library/Frameworks/OpenGL.framework/Versions/A/Libraries/libCoreVMClient.dylib
0x00007fff69a99000 	/usr/lib/libncurses.5.4.dylib
0x00007fff2f2a6000 	/System/Library/Frameworks/ApplicationServices.framework/Versions/A/Frameworks/ATS.framework/Versions/A/ATS
0x00007fff2f473000 	/System/Library/Frameworks/ApplicationServices.framework/Versions/A/Frameworks/ColorSyncLegacy.framework/Versions/A/ColorSyncLegacy
0x00007fff2f511000 	/System/Library/Frameworks/ApplicationServices.framework/Versions/A/Frameworks/HIServices.framework/Versions/A/HIServices
0x00007fff2f569000 	/System/Library/Frameworks/ApplicationServices.framework/Versions/A/Frameworks/LangAnalysis.framework/Versions/A/LangAnalysis
0x00007fff2f578000 	/System/Library/Frameworks/ApplicationServices.framework/Versions/A/Frameworks/PrintCore.framework/Versions/A/PrintCore
0x00007fff2f5be000 	/System/Library/Frameworks/ApplicationServices.framework/Versions/A/Frameworks/QD.framework/Versions/A/QD
0x00007fff2f5c9000 	/System/Library/Frameworks/ApplicationServices.framework/Versions/A/Frameworks/SpeechSynthesis.framework/Versions/A/SpeechSynthesis
0x00007fff2f443000 	/System/Library/Frameworks/ApplicationServices.framework/Versions/A/Frameworks/ATSUI.framework/Versions/A/ATSUI
0x00007fff68edd000 	/usr/lib/libcups.2.dylib
0x00007fff35b8f000 	/System/Library/Frameworks/Kerberos.framework/Versions/A/Kerberos
0x00007fff33cd1000 	/System/Library/Frameworks/GSS.framework/Versions/A/GSS
0x00007fff6a21c000 	/usr/lib/libresolv.9.dylib
0x00007fff53cf2000 	/System/Library/PrivateFrameworks/Heimdal.framework/Versions/A/Heimdal
0x00007fff35ba2000 	/System/Library/Frameworks/Kerberos.framework/Versions/A/Libraries/libHeimdalProxy.dylib
0x00007fff69084000 	/usr/lib/libheimdal-asn1.dylib
0x00007fff47fe4000 	/System/Library/PrivateFrameworks/CommonAuth.framework/Versions/A/CommonAuth
0x00007fff45233000 	/System/Library/PrivateFrameworks/AssertionServices.framework/Versions/A/AssertionServices
0x00007fff45dd6000 	/System/Library/PrivateFrameworks/AudioToolboxCore.framework/Versions/A/AudioToolboxCore
0x00007fff64ea2000 	/System/Library/PrivateFrameworks/caulk.framework/Versions/A/caulk
0x00007fff4639f000 	/System/Library/PrivateFrameworks/BaseBoard.framework/Versions/A/BaseBoard
0x00007fff5d4ed000 	/System/Library/PrivateFrameworks/RunningBoardServices.framework/Versions/A/RunningBoardServices
0x00007fff5a4fe000 	/System/Library/PrivateFrameworks/PersistentConnection.framework/Versions/A/PersistentConnection
0x00007fff5cee6000 	/System/Library/PrivateFrameworks/ProtocolBuffer.framework/Versions/A/ProtocolBuffer
0x00007fff48008000 	/System/Library/PrivateFrameworks/CommonUtilities.framework/Versions/A/CommonUtilities
0x00007fff4652d000 	/System/Library/PrivateFrameworks/Bom.framework/Versions/A/Bom
0x00007fff67cd8000 	/usr/lib/libAudioToolboxUtility.dylib
0x00007fff462fd000 	/System/Library/PrivateFrameworks/Backup.framework/Versions/A/Backup
0x00007fff4b0da000 	/System/Library/PrivateFrameworks/CrashReporterSupport.framework/Versions/A/CrashReporterSupport
0x00007fff5ef7f000 	/System/Library/PrivateFrameworks/Sharing.framework/Versions/A/Sharing
0x00007fff44841000 	/System/Library/PrivateFrameworks/Apple80211.framework/Versions/A/Apple80211
0x00007fff4601a000 	/System/Library/PrivateFrameworks/AuthKit.framework/Versions/A/AuthKit
0x00007fff4ade7000 	/System/Library/PrivateFrameworks/CoreUtils.framework/Versions/A/CoreUtils
0x00007fff3323a000 	/System/Library/Frameworks/CoreWLAN.framework/Versions/A/CoreWLAN
0x00007fff33e5e000 	/System/Library/Frameworks/IOBluetooth.framework/Versions/A/IOBluetooth
0x00007fff580b9000 	/System/Library/PrivateFrameworks/MobileKeyBag.framework/Versions/A/MobileKeyBag
0x00007fff49bec000 	/System/Library/PrivateFrameworks/CorePhoneNumbers.framework/Versions/A/CorePhoneNumbers
0x00007fff44c31000 	/System/Library/PrivateFrameworks/AppleIDAuthSupport.framework/Versions/A/AppleIDAuthSupport
0x00007fff37b90000 	/System/Library/Frameworks/Network.framework/Versions/A/Network
0x00007fff56787000 	/System/Library/PrivateFrameworks/KeychainCircle.framework/Versions/A/KeychainCircle
0x00007fff30c8b000 	/System/Library/Frameworks/CoreBluetooth.framework/Versions/A/CoreBluetooth
0x00007fff60ffe000 	/System/Library/PrivateFrameworks/SpeechRecognitionCore.framework/Versions/A/SpeechRecognitionCore
0x00007fff24267000 	/System/Library/CoreServices/Encodings/libJapaneseConverter.dylib
0x000000010fa00000 	/usr/local/Cellar/openjdk/14.0.1/libexec/openjdk.jdk/Contents/Home/lib/server/libjvm.dylib
0x000000010f142000 	/usr/local/Cellar/openjdk/14.0.1/libexec/openjdk.jdk/Contents/Home/lib/libjimage.dylib
0x000000010f194000 	/usr/local/Cellar/openjdk/14.0.1/libexec/openjdk.jdk/Contents/Home/lib/libjava.dylib
0x000000010f1b9000 	/usr/local/Cellar/openjdk/14.0.1/libexec/openjdk.jdk/Contents/Home/lib/libzip.dylib
0x000000010f1dd000 	/usr/local/Cellar/openjdk/14.0.1/libexec/openjdk.jdk/Contents/Home/lib/libnio.dylib
0x0000000115e57000 	/usr/local/Cellar/openjdk/14.0.1/libexec/openjdk.jdk/Contents/Home/lib/libnet.dylib
0x0000000115e6c000 	/usr/local/Cellar/openjdk/14.0.1/libexec/openjdk.jdk/Contents/Home/lib/libawt.dylib
0x0000000115f03000 	/usr/local/Cellar/openjdk/14.0.1/libexec/openjdk.jdk/Contents/Home/lib/libmlib_image.dylib
0x00007fff35b79000 	/System/Library/Frameworks/JavaVM.framework/Versions/A/Frameworks/JavaNativeFoundation.framework/Versions/A/JavaNativeFoundation
0x00007fff35b82000 	/System/Library/Frameworks/JavaVM.framework/Versions/A/Frameworks/JavaRuntimeSupport.framework/Versions/A/JavaRuntimeSupport
0x00007fff35b8a000 	/System/Library/Frameworks/JavaVM.framework/Versions/A/JavaVM
0x00007fff5659e000 	/System/Library/PrivateFrameworks/JavaLaunching.framework/Versions/A/JavaLaunching
0x00007fff2fe5c000 	/System/Library/Frameworks/Carbon.framework/Versions/A/Carbon
0x00007fff4ab8c000 	/System/Library/PrivateFrameworks/CoreSymbolication.framework/Versions/A/CoreSymbolication
0x00007fff2fe5d000 	/System/Library/Frameworks/Carbon.framework/Versions/A/Frameworks/CommonPanels.framework/Versions/A/CommonPanels
0x00007fff30156000 	/System/Library/Frameworks/Carbon.framework/Versions/A/Frameworks/Help.framework/Versions/A/Help
0x00007fff3015a000 	/System/Library/Frameworks/Carbon.framework/Versions/A/Frameworks/ImageCapture.framework/Versions/A/ImageCapture
0x00007fff30161000 	/System/Library/Frameworks/Carbon.framework/Versions/A/Frameworks/OpenScripting.framework/Versions/A/OpenScripting
0x00007fff30160000 	/System/Library/Frameworks/Carbon.framework/Versions/A/Frameworks/Ink.framework/Versions/A/Ink
0x00007fff3019c000 	/System/Library/Frameworks/Carbon.framework/Versions/A/Frameworks/Print.framework/Versions/A/Print
0x00007fff3019d000 	/System/Library/Frameworks/Carbon.framework/Versions/A/Frameworks/SecurityHI.framework/Versions/A/SecurityHI
0x00007fff4b30e000 	/System/Library/PrivateFrameworks/DebugSymbols.framework/Versions/A/DebugSymbols
0x0000000115f66000 	/usr/local/Cellar/openjdk/14.0.1/libexec/openjdk.jdk/Contents/Home/lib/libawt_lwawt.dylib
0x000000011600f000 	/usr/local/Cellar/openjdk/14.0.1/libexec/openjdk.jdk/Contents/Home/lib/libosxapp.dylib
0x00007fff3373a000 	/System/Library/Frameworks/ExceptionHandling.framework/Versions/A/ExceptionHandling
0x0000000116036000 	/usr/local/Cellar/openjdk/14.0.1/libexec/openjdk.jdk/Contents/Home/lib/libfontmanager.dylib
0x0000000116134000 	/usr/local/Cellar/openjdk/14.0.1/libexec/openjdk.jdk/Contents/Home/lib/libfreetype.dylib
0x00007fff4a605000 	/System/Library/PrivateFrameworks/CoreServicesInternal.framework/Versions/A/CoreServicesInternal
0x00007fff33759000 	/System/Library/Frameworks/FileProvider.framework/Versions/A/FileProvider
0x00007fff2e2ec000 	/System/Library/Frameworks/Accounts.framework/Versions/A/Accounts
0x00007fff529f1000 	/System/Library/PrivateFrameworks/GenerationalStorage.framework/Versions/A/GenerationalStorage
0x00007fff61840000 	/System/Library/PrivateFrameworks/SymptomDiagnosticReporter.framework/Versions/A/SymptomDiagnosticReporter
0x00007fff44345000 	/System/Library/PrivateFrameworks/AppContainer.framework/Versions/A/AppContainer
0x00007fff6a236000 	/usr/lib/libsandbox.1.dylib
0x00007fff63198000 	/System/Library/PrivateFrameworks/UserManagement.framework/Versions/A/UserManagement
0x00007fff470e9000 	/System/Library/PrivateFrameworks/ChunkingLibrary.framework/Versions/A/ChunkingLibrary
0x00007fff443b7000 	/System/Library/PrivateFrameworks/AppSandbox.framework/Versions/A/AppSandbox
0x00007fff5ee09000 	/System/Library/PrivateFrameworks/SecCodeWrapper.framework/Versions/A/SecCodeWrapper
0x00007fff680ed000 	/usr/lib/libMatch.1.dylib
0x00007fff242d4000 	/System/Library/CoreServices/RawCamera.bundle/Contents/MacOS/RawCamera
0x00007fff57ee3000 	/System/Library/PrivateFrameworks/MobileAsset.framework/Versions/A/MobileAsset
0x00007fff616e8000 	/System/Library/PrivateFrameworks/StreamingZip.framework/Versions/A/StreamingZip
0x00007fff3600a000 	/System/Library/Frameworks/MediaToolbox.framework/Versions/A/MediaToolbox
0x00007fff48afc000 	/System/Library/PrivateFrameworks/CoreAVCHD.framework/Versions/A/CoreAVCHD
0x00007fff35f34000 	/System/Library/Frameworks/MediaAccessibility.framework/Versions/A/MediaAccessibility
0x00007fff57297000 	/System/Library/PrivateFrameworks/Mangrove.framework/Versions/A/Mangrove
0x00007fff32402000 	/System/Library/Frameworks/CoreMedia.framework/Versions/A/CoreMedia
0x00007fff57503000 	/System/Library/PrivateFrameworks/MediaExperience.framework/Versions/A/MediaExperience
0x00007fff3eee0000 	/System/Library/Frameworks/VideoToolbox.framework/Versions/A/VideoToolbox
0x00007fff48726000 	/System/Library/PrivateFrameworks/CoreAUC.framework/Versions/A/CoreAUC
0x00007fff6a28e000 	/usr/lib/libspindump.dylib
0x00007fff45785000 	/System/Library/PrivateFrameworks/AudioResourceArbitration.framework/Versions/A/AudioResourceArbitration
0x00007fff4519a000 	/System/Library/PrivateFrameworks/AppleVA.framework/Versions/A/AppleVA
0x00007fff2ce6a000 	/System/Library/Frameworks/Accelerate.framework/Versions/A/Frameworks/vImage.framework/Versions/A/Libraries/libCGInterfaces.dylib
0x0000000116f79000 	/usr/lib/libobjc-trampolines.dylib
0x00007fff4da87000 	/System/Library/PrivateFrameworks/FontServices.framework/libTrueTypeScaler.dylib
0x00007fff29be2000 	/System/Library/Extensions/AppleIntelKBLGraphicsMTLDriver.bundle/Contents/MacOS/AppleIntelKBLGraphicsMTLDriver
0x00007fff51011000 	/System/Library/PrivateFrameworks/GPUCompiler.framework/Versions/3902/Libraries/libmetal_timestamp.dylib
0x00007fff63f64000 	/System/Library/PrivateFrameworks/ViewBridge.framework/Versions/A/ViewBridge
0x00007fff3bd74000 	/System/Library/Frameworks/OpenGL.framework/Versions/A/Resources/GLEngine.bundle/GLEngine
0x00007fff3b157000 	/System/Library/Frameworks/OpenGL.framework/Versions/A/Libraries/libGLProgrammability.dylib
0x00007fff28bda000 	/System/Library/Extensions/AppleIntelKBLGraphicsGLDriver.bundle/Contents/MacOS/AppleIntelKBLGraphicsGLDriver
0x00007fff526c0000 	/System/Library/PrivateFrameworks/GPUSupport.framework/Versions/A/Libraries/libGPUSupportMercury.dylib
0x00007fff3beee000 	/System/Library/Frameworks/OpenGL.framework/Versions/A/Resources/GLRendererFloat.bundle/GLRendererFloat
0x00007fff3a710000 	/System/Library/Frameworks/OpenCL.framework/Versions/A/Libraries/libcldcpuengine.dylib
0x00007fff651f5000 	/System/Library/PrivateFrameworks/login.framework/Versions/A/login
0x0000000134451000 	/usr/local/Cellar/openjdk/14.0.1/libexec/openjdk.jdk/Contents/Home/lib/libosxui.dylib
0x00007fff618ba000 	/System/Library/PrivateFrameworks/SystemAdministration.framework/Versions/A/SystemAdministration
0x00007fff4b84c000 	/System/Library/PrivateFrameworks/DiskManagement.framework/Versions/A/DiskManagement
0x00007fff33483000 	/System/Library/Frameworks/DirectoryService.framework/Versions/A/DirectoryService
0x00007fff4b783000 	/System/Library/PrivateFrameworks/DiskImages.framework/Versions/A/DiskImages
0x00007fff56aa2000 	/System/Library/PrivateFrameworks/LoginUIKit.framework/Versions/A/Frameworks/LoginUICore.framework/Versions/A/LoginUICore
0x00007fff67d54000 	/usr/lib/libCoreStorage.dylib
0x00007fff68eca000 	/usr/lib/libcsfde.dylib
0x00007fff6a149000 	/usr/lib/libodfde.dylib
0x00007fff5758e000 	/System/Library/PrivateFrameworks/MediaKit.framework/Versions/A/MediaKit
0x00007fff3348f000 	/System/Library/Frameworks/DiscRecording.framework/Versions/A/DiscRecording
0x00007fff4ba02000 	/System/Library/PrivateFrameworks/EFILogin.framework/Versions/A/EFILogin
0x00007fff5ce8b000 	/System/Library/PrivateFrameworks/ProtectedCloudStorage.framework/Versions/A/ProtectedCloudStorage
0x00007fff68f3e000 	/usr/lib/libcurl.4.dylib
0x00007fff68dc3000 	/usr/lib/libcrypto.44.dylib
0x00007fff6a56e000 	/usr/lib/libssl.46.dylib
0x00007fff35ba3000 	/System/Library/Frameworks/LDAP.framework/Versions/A/LDAP
0x00007fff62292000 	/System/Library/PrivateFrameworks/TrustEvaluationAgent.framework/Versions/A/TrustEvaluationAgent
0x00007fff6a27b000 	/usr/lib/libsasl2.2.dylib
0x00007fff48e78000 	/System/Library/PrivateFrameworks/CoreDaemon.framework/Versions/B/CoreDaemon
0x00007fff450b0000 	/System/Library/PrivateFrameworks/AppleSRP.framework/Versions/A/AppleSRP


VM Arguments:
java_command: tetris.A
java_class_path (initial): /var/folders/7_/yslkdtfj5h3dvk5kmq20b6780000gn/T/sbt_dfb05726/job-5/target/ea42fd89/91a40ea1/tetris_2.13-0.1-SNAPSHOT.jar:/var/folders/7_/yslkdtfj5h3dvk5kmq20b6780000gn/T/sbt_dfb05726/target/58d9645f/e3855c63/support_2.13-0.1-SNAPSHOT.jar:/var/folders/7_/yslkdtfj5h3dvk5kmq20b6780000gn/T/sbt_dfb05726/target/ebd6fbc9/37851899/scala-library-2.13.3.jar
Launcher Type: SUN_STANDARD

[Global flags]
     intx CICompilerCount                          = 3                                         {product} {ergonomic}
     uint ConcGCThreads                            = 1                                         {product} {ergonomic}
     uint G1ConcRefinementThreads                  = 4                                         {product} {ergonomic}
   size_t G1HeapRegionSize                         = 1048576                                   {product} {ergonomic}
    uintx GCDrainStackTargetSize                   = 64                                        {product} {ergonomic}
   size_t InitialHeapSize                          = 134217728                                 {product} {ergonomic}
   size_t MarkStackSize                            = 4194304                                   {product} {ergonomic}
   size_t MaxHeapSize                              = 2147483648                                {product} {ergonomic}
   size_t MaxNewSize                               = 1287651328                                {product} {ergonomic}
   size_t MinHeapDeltaBytes                        = 1048576                                   {product} {ergonomic}
   size_t MinHeapSize                              = 8388608                                   {product} {ergonomic}
    uintx NonNMethodCodeHeapSize                   = 5832780                                {pd product} {ergonomic}
    uintx NonProfiledCodeHeapSize                  = 122912730                              {pd product} {ergonomic}
    uintx ProfiledCodeHeapSize                     = 122912730                              {pd product} {ergonomic}
    uintx ReservedCodeCacheSize                    = 251658240                              {pd product} {ergonomic}
     bool SegmentedCodeCache                       = true                                      {product} {ergonomic}
   size_t SoftMaxHeapSize                          = 2147483648                             {manageable} {ergonomic}
     bool UseCompressedClassPointers               = true                                 {lp64_product} {ergonomic}
     bool UseCompressedOops                        = true                                 {lp64_product} {ergonomic}
     bool UseG1GC                                  = true                                      {product} {ergonomic}

Logging:
Log output configuration:
 #0: stdout all=warning uptime,level,tags
 #1: stderr all=off uptime,level,tags

Environment Variables:
JAVA_HOME=/usr/local/opt/openjdk
PATH=/Users/kawamurayuya/.pyenv/shims:/usr/local/bin:/usr/bin:/bin:/usr/sbin:/sbin:/Library/TeX/texbin:/usr/local/share/dotnet:~/.dotnet/tools:/Library/Apple/usr/bin:/Library/Frameworks/Mono.framework/Versions/Current/Commands:/Users/kawamurayuya/anaconda3/bin:/Users/kawamurayuya/anaconda3/condabin:/Users/kawamurayuya/.pyenv/shims
SHELL=/bin/zsh

Signal Handlers:
SIGSEGV: [libjvm.dylib+0x7c63a6], sa_mask[0]=11111111011111110111111111111111, sa_flags=SA_ONSTACK|SA_RESTART|SA_SIGINFO
SIGBUS: [libjvm.dylib+0x7c63a6], sa_mask[0]=11111111011111110111111111111111, sa_flags=SA_RESTART|SA_SIGINFO
SIGFPE: [libjvm.dylib+0x7c63a6], sa_mask[0]=11111111011111110111111111111111, sa_flags=SA_RESTART|SA_SIGINFO
SIGPIPE: [libjvm.dylib+0x6078f5], sa_mask[0]=11111111011111110111111111111111, sa_flags=SA_RESTART|SA_SIGINFO
SIGXFSZ: [libjvm.dylib+0x6078f5], sa_mask[0]=11111111011111110111111111111111, sa_flags=SA_RESTART|SA_SIGINFO
SIGILL: [libjvm.dylib+0x7c63a6], sa_mask[0]=11111111011111110111111111111111, sa_flags=SA_RESTART|SA_SIGINFO
SIGUSR2: [libjvm.dylib+0x607eb4], sa_mask[0]=00100000000000000000000000000000, sa_flags=SA_RESTART|SA_SIGINFO
SIGHUP: [libjvm.dylib+0x606f23], sa_mask[0]=11111111011111110111111111111111, sa_flags=SA_RESTART|SA_SIGINFO
SIGINT: [libjvm.dylib+0x606f23], sa_mask[0]=11111111011111110111111111111111, sa_flags=SA_RESTART|SA_SIGINFO
SIGTERM: [libjvm.dylib+0x606f23], sa_mask[0]=11111111011111110111111111111111, sa_flags=SA_RESTART|SA_SIGINFO
SIGQUIT: [libjvm.dylib+0x606f23], sa_mask[0]=11111111011111110111111111111111, sa_flags=SA_RESTART|SA_SIGINFO


---------------  S Y S T E M  ---------------

OS:uname:Darwin 19.6.0 Darwin Kernel Version 19.6.0: Thu Jun 18 20:49:00 PDT 2020; root:xnu-6153.141.1~1/RELEASE_X86_64 x86_64
OS uptime: 18 days 18:40 hours
rlimit: STACK 8192k, CORE 0k, NPROC 1392, NOFILE 10240, AS infinity, DATA infinity, FSIZE infinity
load average:5.69 3.90 3.33

CPU:total 4 (initial active 4) (2 cores per cpu, 2 threads per core) family 6 model 142 stepping 9, cmov, cx8, fxsr, mmx, sse, sse2, sse3, ssse3, sse4.1, sse4.2, popcnt, avx, avx2, aes, clmul, erms, rtm, 3dnowpref, lzcnt, ht, tsc, tscinvbit, bmi1, bmi2, adx, fma

Memory: 4k page, physical 8388608k(187980k free), swap 8388608k(953344k free)

vm_info: OpenJDK 64-Bit Server VM (14.0.1+14) for bsd-amd64 JRE (14.0.1+14), built on Jun 30 2020 17:14:54 by "brew" with clang 4.2.1 Compatible Apple LLVM 11.0.3 (clang-1103.0.32.62)

END.
